

Microchip MPLAB XC8 Assembler V2.50 build 20240725155939 
                                                                                               Mon Dec 02 18:57:34 2024

Microchip MPLAB XC8 C Compiler v2.50 (Free license) build 20240725155939 Og1 
     1                           	processor	16F877A
     2                           	pagewidth 120
     3                           	opt	flic
     4                           	psect	idataBANK0,global,class=CODE,space=0,delta=2,noexec
     5                           	psect	cinit,global,class=CODE,space=0,merge=1,delta=2
     6                           	psect	dataBANK0,global,class=BANK0,space=1,delta=1,noexec
     7                           	psect	inittext,global,class=CODE,space=0,delta=2
     8                           	psect	cstackCOMMON,global,class=COMMON,space=1,delta=1,noexec
     9                           	psect	cstackBANK0,global,class=BANK0,space=1,delta=1,noexec
    10                           	psect	maintext,global,class=CODE,space=0,split=1,delta=2
    11                           	psect	text1,local,class=CODE,space=0,merge=1,delta=2,group=1
    12                           	psect	text2,local,class=CODE,space=0,merge=1,delta=2,group=1
    13                           	psect	config,global,abs,ovrld,class=CONFIG,space=4,delta=2,noexec
    14                           	dabs	1,0x7E,2
    15     0000                     
    16                           ; Generated 12/10/2023 GMT
    17                           ; 
    18                           ; Copyright © 2023, Microchip Technology Inc. and its subsidiaries ("Microchip")
    19                           ; All rights reserved.
    20                           ; 
    21                           ; This software is developed by Microchip Technology Inc. and its subsidiaries ("Microch
      +                          ip").
    22                           ; 
    23                           ; Redistribution and use in source and binary forms, with or without modification, are
    24                           ; permitted provided that the following conditions are met:
    25                           ; 
    26                           ;     1. Redistributions of source code must retain the above copyright notice, this lis
      +                          t of
    27                           ;        conditions and the following disclaimer.
    28                           ; 
    29                           ;     2. Redistributions in binary form must reproduce the above copyright notice, this 
      +                          list
    30                           ;        of conditions and the following disclaimer in the documentation and/or other
    31                           ;        materials provided with the distribution. Publication is not required when
    32                           ;        this file is used in an embedded application.
    33                           ; 
    34                           ;     3. Microchip's name may not be used to endorse or promote products derived from th
      +                          is
    35                           ;        software without specific prior written permission.
    36                           ; 
    37                           ; THIS SOFTWARE IS PROVIDED BY MICROCHIP "AS IS" AND ANY EXPRESS OR IMPLIED WARRANTIES,
    38                           ; INCLUDING, BUT NOT LIMITED TO, THE IMPLIED WARRANTIES OF MERCHANTABILITY AND FITNESS F
      +                          OR
    39                           ; PURPOSE ARE DISCLAIMED.  IN NO EVENT SHALL MICROCHIP BE LIABLE FOR ANY DIRECT, INDIREC
      +                          T,
    40                           ; INCIDENTAL, SPECIAL, EXEMPLARY, OR CONSEQUENTIAL DAMAGES (INCLUDING BUT NOT LIMITED TO
    41                           ; PROCUREMENT OF SUBSTITUTE GOODS OR SERVICES; LOSS OF USE, DATA OR PROFITS; OR BUSINESS
    42                           ; INTERRUPTION) HOWSOEVER CAUSED AND ON ANY THEORY OF LIABILITY, WHETHER IN CONTRACT, ST
      +                          RICT
    43                           ; LIABILITY, OR TORT (INCLUDING NEGLIGENCE OR OTHERWISE) ARISING IN ANY WAY OUT OF THE U
      +                          SE OF
    44                           ; THIS SOFTWARE, EVEN IF ADVISED OF THE POSSIBILITY OF SUCH DAMAGE.
    45                           ; 
    46                           ; 
    47                           ; Code-generator required, PIC16F877A Definitions
    48                           ; 
    49                           ; SFR Addresses
    50     0004                     fsr             equ	4
    51     0004                     fsr0            equ	4
    52     0000                     indf            equ	0
    53     0000                     indf0           equ	0
    54     0002                     pc              equ	2
    55     0002                     pcl             equ	2
    56     000A                     pclath          equ	10
    57     0003                     status          equ	3
    58     0000                     INDF            equ	0	;# 
    59     0001                     TMR0            equ	1	;# 
    60     0002                     PCL             equ	2	;# 
    61     0003                     STATUS          equ	3	;# 
    62     0004                     FSR             equ	4	;# 
    63     0005                     PORTA           equ	5	;# 
    64     0006                     PORTB           equ	6	;# 
    65     0007                     PORTC           equ	7	;# 
    66     0008                     PORTD           equ	8	;# 
    67     0009                     PORTE           equ	9	;# 
    68     000A                     PCLATH          equ	10	;# 
    69     000B                     INTCON          equ	11	;# 
    70     000C                     PIR1            equ	12	;# 
    71     000D                     PIR2            equ	13	;# 
    72     000E                     TMR1            equ	14	;# 
    73     000E                     TMR1L           equ	14	;# 
    74     000F                     TMR1H           equ	15	;# 
    75     0010                     T1CON           equ	16	;# 
    76     0011                     TMR2            equ	17	;# 
    77     0012                     T2CON           equ	18	;# 
    78     0013                     SSPBUF          equ	19	;# 
    79     0014                     SSPCON          equ	20	;# 
    80     0015                     CCPR1           equ	21	;# 
    81     0015                     CCPR1L          equ	21	;# 
    82     0016                     CCPR1H          equ	22	;# 
    83     0017                     CCP1CON         equ	23	;# 
    84     0018                     RCSTA           equ	24	;# 
    85     0019                     TXREG           equ	25	;# 
    86     001A                     RCREG           equ	26	;# 
    87     001B                     CCPR2           equ	27	;# 
    88     001B                     CCPR2L          equ	27	;# 
    89     001C                     CCPR2H          equ	28	;# 
    90     001D                     CCP2CON         equ	29	;# 
    91     001E                     ADRESH          equ	30	;# 
    92     001F                     ADCON0          equ	31	;# 
    93     0081                     OPTION_REG      equ	129	;# 
    94     0085                     TRISA           equ	133	;# 
    95     0086                     TRISB           equ	134	;# 
    96     0087                     TRISC           equ	135	;# 
    97     0088                     TRISD           equ	136	;# 
    98     0089                     TRISE           equ	137	;# 
    99     008C                     PIE1            equ	140	;# 
   100     008D                     PIE2            equ	141	;# 
   101     008E                     PCON            equ	142	;# 
   102     0091                     SSPCON2         equ	145	;# 
   103     0092                     PR2             equ	146	;# 
   104     0093                     SSPADD          equ	147	;# 
   105     0094                     SSPSTAT         equ	148	;# 
   106     0098                     TXSTA           equ	152	;# 
   107     0099                     SPBRG           equ	153	;# 
   108     009C                     CMCON           equ	156	;# 
   109     009D                     CVRCON          equ	157	;# 
   110     009E                     ADRESL          equ	158	;# 
   111     009F                     ADCON1          equ	159	;# 
   112     010C                     EEDATA          equ	268	;# 
   113     010D                     EEADR           equ	269	;# 
   114     010E                     EEDATH          equ	270	;# 
   115     010F                     EEADRH          equ	271	;# 
   116     018C                     EECON1          equ	396	;# 
   117     018D                     EECON2          equ	397	;# 
   118     0000                     INDF            equ	0	;# 
   119     0001                     TMR0            equ	1	;# 
   120     0002                     PCL             equ	2	;# 
   121     0003                     STATUS          equ	3	;# 
   122     0004                     FSR             equ	4	;# 
   123     0005                     PORTA           equ	5	;# 
   124     0006                     PORTB           equ	6	;# 
   125     0007                     PORTC           equ	7	;# 
   126     0008                     PORTD           equ	8	;# 
   127     0009                     PORTE           equ	9	;# 
   128     000A                     PCLATH          equ	10	;# 
   129     000B                     INTCON          equ	11	;# 
   130     000C                     PIR1            equ	12	;# 
   131     000D                     PIR2            equ	13	;# 
   132     000E                     TMR1            equ	14	;# 
   133     000E                     TMR1L           equ	14	;# 
   134     000F                     TMR1H           equ	15	;# 
   135     0010                     T1CON           equ	16	;# 
   136     0011                     TMR2            equ	17	;# 
   137     0012                     T2CON           equ	18	;# 
   138     0013                     SSPBUF          equ	19	;# 
   139     0014                     SSPCON          equ	20	;# 
   140     0015                     CCPR1           equ	21	;# 
   141     0015                     CCPR1L          equ	21	;# 
   142     0016                     CCPR1H          equ	22	;# 
   143     0017                     CCP1CON         equ	23	;# 
   144     0018                     RCSTA           equ	24	;# 
   145     0019                     TXREG           equ	25	;# 
   146     001A                     RCREG           equ	26	;# 
   147     001B                     CCPR2           equ	27	;# 
   148     001B                     CCPR2L          equ	27	;# 
   149     001C                     CCPR2H          equ	28	;# 
   150     001D                     CCP2CON         equ	29	;# 
   151     001E                     ADRESH          equ	30	;# 
   152     001F                     ADCON0          equ	31	;# 
   153     0081                     OPTION_REG      equ	129	;# 
   154     0085                     TRISA           equ	133	;# 
   155     0086                     TRISB           equ	134	;# 
   156     0087                     TRISC           equ	135	;# 
   157     0088                     TRISD           equ	136	;# 
   158     0089                     TRISE           equ	137	;# 
   159     008C                     PIE1            equ	140	;# 
   160     008D                     PIE2            equ	141	;# 
   161     008E                     PCON            equ	142	;# 
   162     0091                     SSPCON2         equ	145	;# 
   163     0092                     PR2             equ	146	;# 
   164     0093                     SSPADD          equ	147	;# 
   165     0094                     SSPSTAT         equ	148	;# 
   166     0098                     TXSTA           equ	152	;# 
   167     0099                     SPBRG           equ	153	;# 
   168     009C                     CMCON           equ	156	;# 
   169     009D                     CVRCON          equ	157	;# 
   170     009E                     ADRESL          equ	158	;# 
   171     009F                     ADCON1          equ	159	;# 
   172     010C                     EEDATA          equ	268	;# 
   173     010D                     EEADR           equ	269	;# 
   174     010E                     EEDATH          equ	270	;# 
   175     010F                     EEADRH          equ	271	;# 
   176     018C                     EECON1          equ	396	;# 
   177     018D                     EECON2          equ	397	;# 
   178                           
   179                           	psect	idataBANK0
   180     0696                     __pidataBANK0:
   181                           
   182                           ;initializer for main@F1007
   183     0696  343F               	retlw	63
   184     0697  3406               	retlw	6
   185     0698  345B               	retlw	91
   186     0699  344F               	retlw	79
   187     069A  3466               	retlw	102
   188     069B  346D               	retlw	109
   189     069C  347D               	retlw	125
   190     069D  3407               	retlw	7
   191     069E  347F               	retlw	127
   192     069F  346F               	retlw	111
   193     0007                     _PORTC          set	7
   194     0006                     _PORTB          set	6
   195     0087                     _TRISC          set	135
   196     0086                     _TRISB          set	134
   197                           
   198                           	psect	cinit
   199     07EE                     start_initialization:	
   200                           ; #config settings
   201                           
   202     07EE                     __initialization:
   203                           
   204                           ; Initialize objects allocated to BANK0
   205     07EE  1383               	bcf	3,7	;select IRP bank0
   206     07EF  3040               	movlw	low (__pdataBANK0+10)
   207     07F0  00FD               	movwf	btemp+-1
   208     07F1  3006               	movlw	high __pidataBANK0
   209     07F2  00FE               	movwf	btemp
   210     07F3  3096               	movlw	low __pidataBANK0
   211     07F4  00FF               	movwf	btemp+1
   212     07F5  3036               	movlw	low __pdataBANK0
   213     07F6  0084               	movwf	4
   214     07F7  120A  118A  26A4  120A  118A  	fcall	init_ram0
   215     07FC                     end_of_initialization:	
   216                           ;End of C runtime variable initialization code
   217                           
   218     07FC                     __end_of__initialization:
   219     07FC  0183               	clrf	3
   220     07FD  120A  118A  2F2D   	ljmp	_main	;jump to C main() function
   221                           
   222                           	psect	dataBANK0
   223     0036                     __pdataBANK0:
   224     0036                     main@F1007:
   225     0036                     	ds	10
   226                           
   227                           	psect	inittext
   228     06A0                     init_fetch0:	
   229                           ;	Called with low address in FSR and high address in W
   230                           
   231     06A0  087E               	movf	btemp,w
   232     06A1  008A               	movwf	10
   233     06A2  087F               	movf	btemp+1,w
   234     06A3  0082               	movwf	2
   235     06A4                     init_ram0:	
   236                           ;Called with:
   237                           ;	high address of idata address in btemp 
   238                           ;	low address of idata address in btemp+1 
   239                           ;	low address of data in FSR
   240                           ;	high address + 1 of data in btemp-1
   241                           
   242     06A4  120A  118A  26A0  120A  118A  	fcall	init_fetch0
   243     06A9  0080               	movwf	0
   244     06AA  0A84               	incf	4,f
   245     06AB  0804               	movf	4,w
   246     06AC  067D               	xorwf	btemp+-1,w
   247     06AD  1903               	btfsc	3,2
   248     06AE  3400               	retlw	0
   249     06AF  0AFF               	incf	btemp+1,f
   250     06B0  1903               	btfsc	3,2
   251     06B1  0AFE               	incf	btemp,f
   252     06B2  2EA4               	goto	init_ram0
   253                           
   254                           	psect	cstackCOMMON
   255     0070                     __pcstackCOMMON:
   256     0070                     ?_main:
   257     0070                     ?___lwdiv:	
   258                           ; 1 bytes @ 0x0
   259                           
   260     0070                     ?___lwmod:	
   261                           ; 2 bytes @ 0x0
   262                           
   263     0070                     ___lwdiv@divisor:	
   264                           ; 2 bytes @ 0x0
   265                           
   266     0070                     ___lwmod@divisor:	
   267                           ; 2 bytes @ 0x0
   268                           
   269                           
   270                           ; 2 bytes @ 0x0
   271     0070                     	ds	2
   272     0072                     ___lwdiv@dividend:
   273     0072                     ___lwmod@dividend:	
   274                           ; 2 bytes @ 0x2
   275                           
   276                           
   277                           ; 2 bytes @ 0x2
   278     0072                     	ds	2
   279     0074                     ___lwmod@counter:
   280     0074                     ___lwdiv@quotient:	
   281                           ; 1 bytes @ 0x4
   282                           
   283     0074                     ??___lwdiv:	
   284                           ; 2 bytes @ 0x4
   285                           
   286     0074                     ??___lwmod:	
   287                           ; 1 bytes @ 0x4
   288                           
   289                           
   290                           ; 1 bytes @ 0x4
   291     0074                     	ds	2
   292     0076                     ___lwdiv@counter:
   293                           
   294                           ; 1 bytes @ 0x6
   295     0076                     	ds	1
   296     0077                     ??_main:
   297                           
   298                           ; 1 bytes @ 0x7
   299     0077                     	ds	4
   300                           
   301                           	psect	cstackBANK0
   302     0020                     __pcstackBANK0:
   303     0020                     main@segment:
   304                           
   305                           ; 10 bytes @ 0x0
   306     0020                     	ds	10
   307     002A                     main@digits:
   308                           
   309                           ; 8 bytes @ 0xA
   310     002A                     	ds	8
   311     0032                     main@i:
   312                           
   313                           ; 2 bytes @ 0x12
   314     0032                     	ds	2
   315     0034                     main@Numbers:
   316                           
   317                           ; 2 bytes @ 0x14
   318     0034                     	ds	2
   319                           
   320                           	psect	maintext
   321     072D                     __pmaintext:	
   322 ;;
   323 ;;Main: autosize = 0, tempsize = 4, incstack = 0, save=0
   324 ;;
   325 ;; *************** function _main *****************
   326 ;; Defined at:
   327 ;;		line 38 in file "main.c"
   328 ;; Parameters:    Size  Location     Type
   329 ;;		None
   330 ;; Auto vars:     Size  Location     Type
   331 ;;  Numbers         2   20[BANK0 ] unsigned int 
   332 ;;  i               2   18[BANK0 ] unsigned int 
   333 ;;  segment        10    0[BANK0 ] unsigned char [10]
   334 ;;  digits          8   10[BANK0 ] unsigned int [4]
   335 ;; Return value:  Size  Location     Type
   336 ;;                  1    wreg      void 
   337 ;; Registers used:
   338 ;;		wreg, fsr0l, fsr0h, status,2, status,0, pclath, cstack
   339 ;; Tracked objects:
   340 ;;		On entry : B00/0
   341 ;;		On exit  : 0/0
   342 ;;		Unchanged: 0/0
   343 ;; Data sizes:     COMMON   BANK0   BANK1   BANK3   BANK2
   344 ;;      Params:         0       0       0       0       0
   345 ;;      Locals:         0      22       0       0       0
   346 ;;      Temps:          4       0       0       0       0
   347 ;;      Totals:         4      22       0       0       0
   348 ;;Total ram usage:       26 bytes
   349 ;; Hardware stack levels required when called: 1
   350 ;; This function calls:
   351 ;;		___lwdiv
   352 ;;		___lwmod
   353 ;; This function is called by:
   354 ;;		Startup code after reset
   355 ;; This function uses a non-reentrant model
   356 ;;
   357                           
   358     072D                     _main:	
   359                           ;psect for function _main
   360                           
   361     072D                     l703:	
   362                           ;incstack = 0
   363                           ; Regs used in _main: [wreg-fsr0h+status,2+status,0+pclath+cstack]
   364                           
   365                           
   366                           ;main.c: 40:     unsigned char segment[] = {0x3F,0x06,0x5B,0x4F,0x66,0x6D,0x7D,0x07,0x7F
      +                          ,0x6F};
   367     072D  3036               	movlw	main@F1007& (0+255)
   368     072E  0084               	movwf	4
   369     072F  3020               	movlw	low main@segment
   370     0730  00F7               	movwf	??_main
   371     0731  300A               	movlw	10
   372     0732  00F8               	movwf	??_main+1
   373     0733                     u290:
   374     0733  1383               	bcf	3,7	;select IRP bank0
   375     0734  0800               	movf	0,w
   376     0735  00F9               	movwf	??_main+2
   377     0736  0A04               	incf	4,w
   378     0737  00FA               	movwf	??_main+3
   379     0738  0877               	movf	??_main,w
   380     0739  0084               	movwf	4
   381     073A  0879               	movf	??_main+2,w
   382     073B  0080               	movwf	0
   383     073C  0A04               	incf	4,w
   384     073D  00F7               	movwf	??_main
   385     073E  087A               	movf	??_main+3,w
   386     073F  0084               	movwf	4
   387     0740  0BF8               	decfsz	??_main+1,f
   388     0741  2F33               	goto	u290
   389     0742                     l705:
   390                           
   391                           ;main.c: 42:     unsigned int digits[4];;main.c: 47:     TRISB = 0;
   392     0742  1683               	bsf	3,5	;RP0=1, select bank1
   393     0743  1303               	bcf	3,6	;RP1=0, select bank1
   394     0744  0186               	clrf	6	;volatile
   395     0745                     l707:
   396                           
   397                           ;main.c: 48:     TRISC = 0;
   398     0745  0187               	clrf	7	;volatile
   399     0746                     l709:
   400                           
   401                           ;main.c: 51:     {;main.c: 52:         unsigned int Numbers = 1000;
   402     0746  30E8               	movlw	232
   403     0747  1283               	bcf	3,5	;RP0=0, select bank0
   404     0748  1303               	bcf	3,6	;RP1=0, select bank0
   405     0749  00B4               	movwf	main@Numbers
   406     074A  3003               	movlw	3
   407     074B  00B5               	movwf	main@Numbers+1
   408     074C                     l711:
   409                           
   410                           ;main.c: 53:         unsigned int i =3;
   411     074C  3003               	movlw	3
   412     074D  00B2               	movwf	main@i
   413     074E  3000               	movlw	0
   414     074F  00B3               	movwf	main@i+1
   415                           
   416                           ;main.c: 55:         while(Numbers!=0)
   417     0750  2F84               	goto	l719
   418     0751                     l713:
   419                           
   420                           ;main.c: 56:         {;main.c: 57:             digits[i] = Numbers%10;
   421     0751  300A               	movlw	10
   422     0752  00F0               	movwf	___lwmod@divisor
   423     0753  3000               	movlw	0
   424     0754  00F1               	movwf	___lwmod@divisor+1
   425     0755  0835               	movf	main@Numbers+1,w
   426     0756  00F3               	movwf	___lwmod@dividend+1
   427     0757  0834               	movf	main@Numbers,w
   428     0758  00F2               	movwf	___lwmod@dividend
   429     0759  120A  118A  26B3  120A  118A  	fcall	___lwmod
   430     075E  1283               	bcf	3,5	;RP0=0, select bank0
   431     075F  1303               	bcf	3,6	;RP1=0, select bank0
   432     0760  0832               	movf	main@i,w
   433     0761  00F7               	movwf	??_main
   434     0762  0777               	addwf	??_main,w
   435     0763  3E2A               	addlw	(low (main@digits| 0))& (0+255)
   436     0764  0084               	movwf	4
   437     0765  0870               	movf	?___lwmod,w
   438     0766  1383               	bcf	3,7	;select IRP bank0
   439     0767  0080               	movwf	0
   440     0768  0A84               	incf	4,f
   441     0769  0871               	movf	?___lwmod+1,w
   442     076A  0080               	movwf	0
   443     076B                     l715:
   444                           
   445                           ;main.c: 58:             Numbers = Numbers/10;
   446     076B  300A               	movlw	10
   447     076C  00F0               	movwf	___lwdiv@divisor
   448     076D  3000               	movlw	0
   449     076E  00F1               	movwf	___lwdiv@divisor+1
   450     076F  0835               	movf	main@Numbers+1,w
   451     0770  00F3               	movwf	___lwdiv@dividend+1
   452     0771  0834               	movf	main@Numbers,w
   453     0772  00F2               	movwf	___lwdiv@dividend
   454     0773  120A  118A  26EB  120A  118A  	fcall	___lwdiv
   455     0778  0871               	movf	?___lwdiv+1,w
   456     0779  1283               	bcf	3,5	;RP0=0, select bank0
   457     077A  1303               	bcf	3,6	;RP1=0, select bank0
   458     077B  00B5               	movwf	main@Numbers+1
   459     077C  0870               	movf	?___lwdiv,w
   460     077D  00B4               	movwf	main@Numbers
   461     077E                     l717:
   462                           
   463                           ;main.c: 60:             i--;
   464     077E  3001               	movlw	1
   465     077F  02B2               	subwf	main@i,f
   466     0780  3000               	movlw	0
   467     0781  1C03               	skipc
   468     0782  03B3               	decf	main@i+1,f
   469     0783  02B3               	subwf	main@i+1,f
   470     0784                     l719:
   471                           
   472                           ;main.c: 55:         while(Numbers!=0)
   473     0784  0834               	movf	main@Numbers,w
   474     0785  0435               	iorwf	main@Numbers+1,w
   475     0786  1D03               	btfss	3,2
   476     0787  2F89               	goto	u301
   477     0788  2F8A               	goto	u300
   478     0789                     u301:
   479     0789  2F51               	goto	l713
   480     078A                     u300:
   481     078A                     l721:
   482                           
   483                           ;main.c: 63:         Numbers--;
   484     078A  3001               	movlw	1
   485     078B  02B4               	subwf	main@Numbers,f
   486     078C  3000               	movlw	0
   487     078D  1C03               	skipc
   488     078E  03B5               	decf	main@Numbers+1,f
   489     078F  02B5               	subwf	main@Numbers+1,f
   490     0790                     l723:
   491                           
   492                           ;main.c: 65:         PORTB = 0x01;
   493     0790  3001               	movlw	1
   494     0791  0086               	movwf	6	;volatile
   495     0792                     l725:
   496                           
   497                           ;main.c: 67:         PORTC = segment[digits[3]];
   498     0792  0830               	movf	main@digits+6,w
   499     0793  3E20               	addlw	(low (main@segment| 0))& (0+255)
   500     0794  0084               	movwf	4
   501     0795  1383               	bcf	3,7	;select IRP bank0
   502     0796  0800               	movf	0,w
   503     0797  0087               	movwf	7	;volatile
   504     0798                     l727:
   505                           
   506                           ;main.c: 69:         _delay((unsigned long)((50)*(20000000/4000.0)));
   507     0798  3002               	movlw	2
   508     0799  00F9               	movwf	??_main+2
   509     079A  3045               	movlw	69
   510     079B  00F8               	movwf	??_main+1
   511     079C  30A9               	movlw	169
   512     079D  00F7               	movwf	??_main
   513     079E                     u317:
   514     079E  0BF7               	decfsz	??_main,f
   515     079F  2F9E               	goto	u317
   516     07A0  0BF8               	decfsz	??_main+1,f
   517     07A1  2F9E               	goto	u317
   518     07A2  0BF9               	decfsz	??_main+2,f
   519     07A3  2F9E               	goto	u317
   520     07A4  2FA5               	nop2
   521     07A5                     l729:
   522                           
   523                           ;main.c: 71:         PORTB = 0x02;
   524     07A5  3002               	movlw	2
   525     07A6  1283               	bcf	3,5	;RP0=0, select bank0
   526     07A7  1303               	bcf	3,6	;RP1=0, select bank0
   527     07A8  0086               	movwf	6	;volatile
   528                           
   529                           ;main.c: 73:         PORTC = segment[digits[2]];
   530     07A9  082E               	movf	main@digits+4,w
   531     07AA  3E20               	addlw	(low (main@segment| 0))& (0+255)
   532     07AB  0084               	movwf	4
   533     07AC  1383               	bcf	3,7	;select IRP bank0
   534     07AD  0800               	movf	0,w
   535     07AE  0087               	movwf	7	;volatile
   536     07AF                     l731:
   537                           
   538                           ;main.c: 75:         _delay((unsigned long)((50)*(20000000/4000.0)));
   539     07AF  3002               	movlw	2
   540     07B0  00F9               	movwf	??_main+2
   541     07B1  3045               	movlw	69
   542     07B2  00F8               	movwf	??_main+1
   543     07B3  30A9               	movlw	169
   544     07B4  00F7               	movwf	??_main
   545     07B5                     u327:
   546     07B5  0BF7               	decfsz	??_main,f
   547     07B6  2FB5               	goto	u327
   548     07B7  0BF8               	decfsz	??_main+1,f
   549     07B8  2FB5               	goto	u327
   550     07B9  0BF9               	decfsz	??_main+2,f
   551     07BA  2FB5               	goto	u327
   552     07BB  2FBC               	nop2
   553     07BC                     l733:
   554                           
   555                           ;main.c: 77:         PORTB = 0x04;
   556     07BC  3004               	movlw	4
   557     07BD  1283               	bcf	3,5	;RP0=0, select bank0
   558     07BE  1303               	bcf	3,6	;RP1=0, select bank0
   559     07BF  0086               	movwf	6	;volatile
   560     07C0                     l735:
   561                           
   562                           ;main.c: 79:         PORTC = segment[digits[1]];
   563     07C0  082C               	movf	main@digits+2,w
   564     07C1  3E20               	addlw	(low (main@segment| 0))& (0+255)
   565     07C2  0084               	movwf	4
   566     07C3  1383               	bcf	3,7	;select IRP bank0
   567     07C4  0800               	movf	0,w
   568     07C5  0087               	movwf	7	;volatile
   569                           
   570                           ;main.c: 81:         _delay((unsigned long)((50)*(20000000/4000.0)));
   571     07C6  3002               	movlw	2
   572     07C7  00F9               	movwf	??_main+2
   573     07C8  3045               	movlw	69
   574     07C9  00F8               	movwf	??_main+1
   575     07CA  30A9               	movlw	169
   576     07CB  00F7               	movwf	??_main
   577     07CC                     u337:
   578     07CC  0BF7               	decfsz	??_main,f
   579     07CD  2FCC               	goto	u337
   580     07CE  0BF8               	decfsz	??_main+1,f
   581     07CF  2FCC               	goto	u337
   582     07D0  0BF9               	decfsz	??_main+2,f
   583     07D1  2FCC               	goto	u337
   584     07D2  2FD3               	nop2
   585     07D3                     l737:
   586                           
   587                           ;main.c: 83:         PORTB = 0x08;
   588     07D3  3008               	movlw	8
   589     07D4  1283               	bcf	3,5	;RP0=0, select bank0
   590     07D5  1303               	bcf	3,6	;RP1=0, select bank0
   591     07D6  0086               	movwf	6	;volatile
   592     07D7                     l739:
   593                           
   594                           ;main.c: 85:         PORTC = segment[digits[0]];
   595     07D7  082A               	movf	main@digits,w
   596     07D8  3E20               	addlw	(low (main@segment| 0))& (0+255)
   597     07D9  0084               	movwf	4
   598     07DA  1383               	bcf	3,7	;select IRP bank0
   599     07DB  0800               	movf	0,w
   600     07DC  0087               	movwf	7	;volatile
   601     07DD                     l741:
   602                           
   603                           ;main.c: 87:         _delay((unsigned long)((50)*(20000000/4000.0)));
   604     07DD  3002               	movlw	2
   605     07DE  00F9               	movwf	??_main+2
   606     07DF  3045               	movlw	69
   607     07E0  00F8               	movwf	??_main+1
   608     07E1  30A9               	movlw	169
   609     07E2  00F7               	movwf	??_main
   610     07E3                     u347:
   611     07E3  0BF7               	decfsz	??_main,f
   612     07E4  2FE3               	goto	u347
   613     07E5  0BF8               	decfsz	??_main+1,f
   614     07E6  2FE3               	goto	u347
   615     07E7  0BF9               	decfsz	??_main+2,f
   616     07E8  2FE3               	goto	u347
   617     07E9  2FEA               	nop2
   618     07EA  2F46               	goto	l709
   619     07EB  120A  118A  2800   	ljmp	start
   620     07EE                     __end_of_main:
   621                           
   622                           	psect	text1
   623     06B3                     __ptext1:	
   624 ;; *************** function ___lwmod *****************
   625 ;; Defined at:
   626 ;;		line 5 in file "J:\Microchip\xc8\v2.50\pic\sources\c99\common\lwmod.c"
   627 ;; Parameters:    Size  Location     Type
   628 ;;  divisor         2    0[COMMON] unsigned int 
   629 ;;  dividend        2    2[COMMON] unsigned int 
   630 ;; Auto vars:     Size  Location     Type
   631 ;;  counter         1    4[COMMON] unsigned char 
   632 ;; Return value:  Size  Location     Type
   633 ;;                  2    0[COMMON] unsigned int 
   634 ;; Registers used:
   635 ;;		wreg, status,2, status,0
   636 ;; Tracked objects:
   637 ;;		On entry : 0/0
   638 ;;		On exit  : 0/0
   639 ;;		Unchanged: 0/0
   640 ;; Data sizes:     COMMON   BANK0   BANK1   BANK3   BANK2
   641 ;;      Params:         4       0       0       0       0
   642 ;;      Locals:         1       0       0       0       0
   643 ;;      Temps:          0       0       0       0       0
   644 ;;      Totals:         5       0       0       0       0
   645 ;;Total ram usage:        5 bytes
   646 ;; Hardware stack levels used: 1
   647 ;; This function calls:
   648 ;;		Nothing
   649 ;; This function is called by:
   650 ;;		_main
   651 ;; This function uses a non-reentrant model
   652 ;;
   653                           
   654     06B3                     ___lwmod:	
   655                           ;psect for function ___lwmod
   656                           
   657     06B3                     l681:	
   658                           ;incstack = 0
   659                           ; Regs used in ___lwmod: [wreg+status,2+status,0]
   660                           
   661     06B3  0870               	movf	___lwmod@divisor,w
   662     06B4  0471               	iorwf	___lwmod@divisor+1,w
   663     06B5  1903               	btfsc	3,2
   664     06B6  2EB8               	goto	u231
   665     06B7  2EB9               	goto	u230
   666     06B8                     u231:
   667     06B8  2EE6               	goto	l699
   668     06B9                     u230:
   669     06B9                     l683:
   670     06B9  3001               	movlw	1
   671     06BA  00F4               	movwf	___lwmod@counter
   672     06BB  2EC5               	goto	l689
   673     06BC                     l685:
   674     06BC  3001               	movlw	1
   675     06BD                     u245:
   676     06BD  1003               	clrc
   677     06BE  0DF0               	rlf	___lwmod@divisor,f
   678     06BF  0DF1               	rlf	___lwmod@divisor+1,f
   679     06C0  3EFF               	addlw	-1
   680     06C1  1D03               	skipz
   681     06C2  2EBD               	goto	u245
   682     06C3                     l687:
   683     06C3  3001               	movlw	1
   684     06C4  07F4               	addwf	___lwmod@counter,f
   685     06C5                     l689:
   686     06C5  1FF1               	btfss	___lwmod@divisor+1,7
   687     06C6  2EC8               	goto	u251
   688     06C7  2EC9               	goto	u250
   689     06C8                     u251:
   690     06C8  2EBC               	goto	l685
   691     06C9                     u250:
   692     06C9                     l691:
   693     06C9  0871               	movf	___lwmod@divisor+1,w
   694     06CA  0273               	subwf	___lwmod@dividend+1,w
   695     06CB  1D03               	skipz
   696     06CC  2ECF               	goto	u265
   697     06CD  0870               	movf	___lwmod@divisor,w
   698     06CE  0272               	subwf	___lwmod@dividend,w
   699     06CF                     u265:
   700     06CF  1C03               	skipc
   701     06D0  2ED2               	goto	u261
   702     06D1  2ED3               	goto	u260
   703     06D2                     u261:
   704     06D2  2ED9               	goto	l695
   705     06D3                     u260:
   706     06D3                     l693:
   707     06D3  0870               	movf	___lwmod@divisor,w
   708     06D4  02F2               	subwf	___lwmod@dividend,f
   709     06D5  0871               	movf	___lwmod@divisor+1,w
   710     06D6  1C03               	skipc
   711     06D7  03F3               	decf	___lwmod@dividend+1,f
   712     06D8  02F3               	subwf	___lwmod@dividend+1,f
   713     06D9                     l695:
   714     06D9  3001               	movlw	1
   715     06DA                     u275:
   716     06DA  1003               	clrc
   717     06DB  0CF1               	rrf	___lwmod@divisor+1,f
   718     06DC  0CF0               	rrf	___lwmod@divisor,f
   719     06DD  3EFF               	addlw	-1
   720     06DE  1D03               	skipz
   721     06DF  2EDA               	goto	u275
   722     06E0                     l697:
   723     06E0  3001               	movlw	1
   724     06E1  02F4               	subwf	___lwmod@counter,f
   725     06E2  1D03               	btfss	3,2
   726     06E3  2EE5               	goto	u281
   727     06E4  2EE6               	goto	u280
   728     06E5                     u281:
   729     06E5  2EC9               	goto	l691
   730     06E6                     u280:
   731     06E6                     l699:
   732     06E6  0873               	movf	___lwmod@dividend+1,w
   733     06E7  00F1               	movwf	?___lwmod+1
   734     06E8  0872               	movf	___lwmod@dividend,w
   735     06E9  00F0               	movwf	?___lwmod
   736     06EA                     l399:
   737     06EA  0008               	return
   738     06EB                     __end_of___lwmod:
   739                           
   740                           	psect	text2
   741     06EB                     __ptext2:	
   742 ;; *************** function ___lwdiv *****************
   743 ;; Defined at:
   744 ;;		line 5 in file "J:\Microchip\xc8\v2.50\pic\sources\c99\common\lwdiv.c"
   745 ;; Parameters:    Size  Location     Type
   746 ;;  divisor         2    0[COMMON] unsigned int 
   747 ;;  dividend        2    2[COMMON] unsigned int 
   748 ;; Auto vars:     Size  Location     Type
   749 ;;  quotient        2    4[COMMON] unsigned int 
   750 ;;  counter         1    6[COMMON] unsigned char 
   751 ;; Return value:  Size  Location     Type
   752 ;;                  2    0[COMMON] unsigned int 
   753 ;; Registers used:
   754 ;;		wreg, status,2, status,0
   755 ;; Tracked objects:
   756 ;;		On entry : 0/0
   757 ;;		On exit  : 0/0
   758 ;;		Unchanged: 0/0
   759 ;; Data sizes:     COMMON   BANK0   BANK1   BANK3   BANK2
   760 ;;      Params:         4       0       0       0       0
   761 ;;      Locals:         3       0       0       0       0
   762 ;;      Temps:          0       0       0       0       0
   763 ;;      Totals:         7       0       0       0       0
   764 ;;Total ram usage:        7 bytes
   765 ;; Hardware stack levels used: 1
   766 ;; This function calls:
   767 ;;		Nothing
   768 ;; This function is called by:
   769 ;;		_main
   770 ;; This function uses a non-reentrant model
   771 ;;
   772                           
   773     06EB                     ___lwdiv:	
   774                           ;psect for function ___lwdiv
   775                           
   776     06EB                     l655:	
   777                           ;incstack = 0
   778                           ; Regs used in ___lwdiv: [wreg+status,2+status,0]
   779                           
   780     06EB  01F4               	clrf	___lwdiv@quotient
   781     06EC  01F5               	clrf	___lwdiv@quotient+1
   782     06ED                     l657:
   783     06ED  0870               	movf	___lwdiv@divisor,w
   784     06EE  0471               	iorwf	___lwdiv@divisor+1,w
   785     06EF  1903               	btfsc	3,2
   786     06F0  2EF2               	goto	u161
   787     06F1  2EF3               	goto	u160
   788     06F2                     u161:
   789     06F2  2F28               	goto	l677
   790     06F3                     u160:
   791     06F3                     l659:
   792     06F3  3001               	movlw	1
   793     06F4  00F6               	movwf	___lwdiv@counter
   794     06F5  2EFF               	goto	l665
   795     06F6                     l661:
   796     06F6  3001               	movlw	1
   797     06F7                     u175:
   798     06F7  1003               	clrc
   799     06F8  0DF0               	rlf	___lwdiv@divisor,f
   800     06F9  0DF1               	rlf	___lwdiv@divisor+1,f
   801     06FA  3EFF               	addlw	-1
   802     06FB  1D03               	skipz
   803     06FC  2EF7               	goto	u175
   804     06FD                     l663:
   805     06FD  3001               	movlw	1
   806     06FE  07F6               	addwf	___lwdiv@counter,f
   807     06FF                     l665:
   808     06FF  1FF1               	btfss	___lwdiv@divisor+1,7
   809     0700  2F02               	goto	u181
   810     0701  2F03               	goto	u180
   811     0702                     u181:
   812     0702  2EF6               	goto	l661
   813     0703                     u180:
   814     0703                     l667:
   815     0703  3001               	movlw	1
   816     0704                     u195:
   817     0704  1003               	clrc
   818     0705  0DF4               	rlf	___lwdiv@quotient,f
   819     0706  0DF5               	rlf	___lwdiv@quotient+1,f
   820     0707  3EFF               	addlw	-1
   821     0708  1D03               	skipz
   822     0709  2F04               	goto	u195
   823     070A  0871               	movf	___lwdiv@divisor+1,w
   824     070B  0273               	subwf	___lwdiv@dividend+1,w
   825     070C  1D03               	skipz
   826     070D  2F10               	goto	u205
   827     070E  0870               	movf	___lwdiv@divisor,w
   828     070F  0272               	subwf	___lwdiv@dividend,w
   829     0710                     u205:
   830     0710  1C03               	skipc
   831     0711  2F13               	goto	u201
   832     0712  2F14               	goto	u200
   833     0713                     u201:
   834     0713  2F1B               	goto	l673
   835     0714                     u200:
   836     0714                     l669:
   837     0714  0870               	movf	___lwdiv@divisor,w
   838     0715  02F2               	subwf	___lwdiv@dividend,f
   839     0716  0871               	movf	___lwdiv@divisor+1,w
   840     0717  1C03               	skipc
   841     0718  03F3               	decf	___lwdiv@dividend+1,f
   842     0719  02F3               	subwf	___lwdiv@dividend+1,f
   843     071A                     l671:
   844     071A  1474               	bsf	___lwdiv@quotient,0
   845     071B                     l673:
   846     071B  3001               	movlw	1
   847     071C                     u215:
   848     071C  1003               	clrc
   849     071D  0CF1               	rrf	___lwdiv@divisor+1,f
   850     071E  0CF0               	rrf	___lwdiv@divisor,f
   851     071F  3EFF               	addlw	-1
   852     0720  1D03               	skipz
   853     0721  2F1C               	goto	u215
   854     0722                     l675:
   855     0722  3001               	movlw	1
   856     0723  02F6               	subwf	___lwdiv@counter,f
   857     0724  1D03               	btfss	3,2
   858     0725  2F27               	goto	u221
   859     0726  2F28               	goto	u220
   860     0727                     u221:
   861     0727  2F03               	goto	l667
   862     0728                     u220:
   863     0728                     l677:
   864     0728  0875               	movf	___lwdiv@quotient+1,w
   865     0729  00F1               	movwf	?___lwdiv+1
   866     072A  0874               	movf	___lwdiv@quotient,w
   867     072B  00F0               	movwf	?___lwdiv
   868     072C                     l389:
   869     072C  0008               	return
   870     072D                     __end_of___lwdiv:
   871     0002                     ___latbits      equ	2
   872     007E                     btemp           set	126	;btemp
   873     007E                     wtemp0          set	126
   874                           
   875                           	psect	config
   876                           
   877                           ;Config register CONFIG @ 0x2007
   878                           ;	Oscillator Selection bits
   879                           ;	FOSC = HS, HS oscillator
   880                           ;	Watchdog Timer Enable bit
   881                           ;	WDTE = OFF, WDT disabled
   882                           ;	Power-up Timer Enable bit
   883                           ;	PWRTE = OFF, PWRT disabled
   884                           ;	Brown-out Reset Enable bit
   885                           ;	BOREN = ON, BOR enabled
   886                           ;	Low-Voltage (Single-Supply) In-Circuit Serial Programming Enable bit
   887                           ;	LVP = ON, RB3/PGM pin has PGM function; low-voltage programming enabled
   888                           ;	Data EEPROM Memory Code Protection bit
   889                           ;	CPD = OFF, Data EEPROM code protection off
   890                           ;	Flash Program Memory Write Enable bits
   891                           ;	WRT = OFF, Write protection off; all program memory may be written to by EECON control
   892                           ;	In-Circuit Debugger Mode bit
   893                           ;	DEBUG = 0x1, unprogrammed default
   894                           ;	Flash Program Memory Code Protection bit
   895                           ;	CP = ON, All program memory code-protected
   896     2007                     	org	8199
   897     2007  1FFA               	dw	8186

Data Sizes:
    Strings     0
    Constant    0
    Data        10
    BSS         0
    Persistent  0
    Stack       0

Auto Spaces:
    Space          Size  Autos    Used
    COMMON           14     11      11
    BANK0            80     22      32
    BANK1            80      0       0
    BANK3            96      0       0
    BANK2            96      0       0

Pointer List with Targets:

    None.

Critical Paths under _main in COMMON

    _main->___lwdiv

Critical Paths under _main in BANK0

    None.

Critical Paths under _main in BANK1

    None.

Critical Paths under _main in BANK3

    None.

Critical Paths under _main in BANK2

    None.

Call Graph Tables:

 ---------------------------------------------------------------------------------
 (Depth) Function   	        Calls       Base Space   Used Autos Params    Refs
 ---------------------------------------------------------------------------------
 (0) _main                                                26    26      0     626
                                              7 COMMON     4     4      0
                                              0 BANK0     22    22      0
                            ___lwdiv
                            ___lwmod
 ---------------------------------------------------------------------------------
 (1) ___lwmod                                              5     1      4     161
                                              0 COMMON     5     1      4
 ---------------------------------------------------------------------------------
 (1) ___lwdiv                                              7     3      4     164
                                              0 COMMON     7     3      4
 ---------------------------------------------------------------------------------
 Estimated maximum stack depth 1
 ---------------------------------------------------------------------------------

 Call Graph Graphs:

 _main (ROOT)
   ___lwdiv
   ___lwmod

Address spaces:
Name               Size   Autos  Total    Usage
BANK3               96      0       0      0.0%
BITBANK3            96      0       0      0.0%
BANK2               96      0       0      0.0%
BITBANK2            96      0       0      0.0%
BANK1               80      0       0      0.0%
BITBANK1            80      0       0      0.0%
BANK0               80     22      32     40.0%
BITBANK0            80      0       0      0.0%
COMMON              14     11      11     78.6%
BITCOMMON           14      0       0      0.0%
DATA                 0      0      43      0.0%
STACK                0      0       0      0.0%


Microchip Technology PIC Macro Assembler V2.50 build 20240725155939 
Symbol Table                                                                                   Mon Dec 02 18:57:34 2024

                      pc 0002                       fsr 0004                      l711 074C  
                    l703 072D              main@Numbers 0034                      l721 078A  
                    l713 0751                      l705 0742                      l731 07AF  
                    l723 0790                      l715 076B                      l707 0745  
                    l389 072C                      l661 06F6                      l741 07DD  
                    l733 07BC                      l725 0792                      l717 077E  
                    l709 0746                      l671 071A                      l663 06FD  
                    l655 06EB                      l399 06EA                      l735 07C0  
                    l727 0798                      l719 0784                      l673 071B  
                    l665 06FF                      l657 06ED                      l681 06B3  
                    l737 07D3                      l729 07A5                      l675 0722  
                    l667 0703                      l659 06F3                      l691 06C9  
                    l683 06B9                      l739 07D7                      l669 0714  
                    l677 0728                      l693 06D3                      l685 06BC  
                    l695 06D9                      l687 06C3                      l697 06E0  
                    l689 06C5                      l699 06E6                      u200 0714  
                    u201 0713                      u220 0728                      u300 078A  
                    u221 0727                      u205 0710                      u301 0789  
                    u230 06B9                      u215 071C                      u231 06B8  
                    u160 06F3                      u161 06F2                      u250 06C9  
                    u251 06C8                      u180 0703                      u260 06D3  
                    u181 0702                      u261 06D2                      u245 06BD  
                    u317 079E                      u175 06F7                      u327 07B5  
                    u280 06E6                      u281 06E5                      u265 06CF  
                    u337 07CC                      u290 0733                      u195 0704  
                    u275 06DA                      u347 07E3                      fsr0 0004  
                    indf 0000              main@segment 0020                     _main 072D  
                   btemp 007E                     start 0000                    ?_main 0070  
        __end_of___lwdiv 072D          __end_of___lwmod 06EB                    _PORTB 0006  
                  _PORTC 0007                    _TRISB 0086                    _TRISC 0087  
                  main@i 0032                    pclath 000A                    status 0003  
                  wtemp0 007E          __initialization 07EE             __end_of_main 07EE  
                 ??_main 0077                ??___lwdiv 0074                ??___lwmod 0074  
__end_of__initialization 07FC           __pcstackCOMMON 0070             __pidataBANK0 0696  
             __pmaintext 072D                  ___lwdiv 06EB                  ___lwmod 06B3  
                __ptext1 06B3                  __ptext2 06EB     end_of_initialization 07FC  
             main@digits 002A      start_initialization 07EE               init_fetch0 06A0  
            __pdataBANK0 0036                ___latbits 0002            __pcstackBANK0 0020  
       ___lwdiv@dividend 0072                 ?___lwdiv 0070                 ?___lwmod 0070  
       ___lwdiv@quotient 0074                main@F1007 0036          ___lwdiv@divisor 0070  
        ___lwdiv@counter 0076                 init_ram0 06A4         ___lwmod@dividend 0072  
        ___lwmod@divisor 0070          ___lwmod@counter 0074  
