

Microchip MPLAB XC8 Assembler V2.50 build 20240725155939 
                                                                                               Fri Dec 06 19:12:46 2024

Microchip MPLAB XC8 C Compiler v2.50 (Free license) build 20240725155939 Og1 
     1                           	processor	16F877A
     2                           	pagewidth 120
     3                           	opt	flic
     4                           	psect	strings,global,class=STRING,space=0,delta=2,noexec
     5                           	psect	cinit,global,class=CODE,space=0,merge=1,delta=2
     6                           	psect	bssCOMMON,global,class=COMMON,space=1,delta=1,noexec
     7                           	psect	bssBANK0,global,class=BANK0,space=1,delta=1,noexec
     8                           	psect	cstackCOMMON,global,class=COMMON,space=1,delta=1,noexec
     9                           	psect	cstackBANK0,global,class=BANK0,space=1,delta=1,noexec
    10                           	psect	maintext,global,class=CODE,space=0,split=1,delta=2
    11                           	psect	text1,local,class=CODE,space=0,merge=1,delta=2
    12                           	psect	text2,local,class=CODE,space=0,merge=1,delta=2
    13                           	psect	text3,local,class=CODE,space=0,merge=1,delta=2
    14                           	psect	text4,local,class=CODE,space=0,merge=1,delta=2
    15                           	psect	text5,local,class=CODE,space=0,merge=1,delta=2,group=1
    16                           	psect	text6,local,class=CODE,space=0,merge=1,delta=2,group=1
    17                           	psect	text7,local,class=CODE,space=0,merge=1,delta=2
    18                           	psect	intentry,global,class=CODE,space=0,delta=2
    19                           	psect	config,global,abs,ovrld,class=CONFIG,space=4,delta=2,noexec
    20                           	dabs	1,0x7E,2
    21     0000                     
    22                           ; Generated 12/10/2023 GMT
    23                           ; 
    24                           ; Copyright © 2023, Microchip Technology Inc. and its subsidiaries ("Microchip")
    25                           ; All rights reserved.
    26                           ; 
    27                           ; This software is developed by Microchip Technology Inc. and its subsidiaries ("Microch
      +                          ip").
    28                           ; 
    29                           ; Redistribution and use in source and binary forms, with or without modification, are
    30                           ; permitted provided that the following conditions are met:
    31                           ; 
    32                           ;     1. Redistributions of source code must retain the above copyright notice, this lis
      +                          t of
    33                           ;        conditions and the following disclaimer.
    34                           ; 
    35                           ;     2. Redistributions in binary form must reproduce the above copyright notice, this 
      +                          list
    36                           ;        of conditions and the following disclaimer in the documentation and/or other
    37                           ;        materials provided with the distribution. Publication is not required when
    38                           ;        this file is used in an embedded application.
    39                           ; 
    40                           ;     3. Microchip's name may not be used to endorse or promote products derived from th
      +                          is
    41                           ;        software without specific prior written permission.
    42                           ; 
    43                           ; THIS SOFTWARE IS PROVIDED BY MICROCHIP "AS IS" AND ANY EXPRESS OR IMPLIED WARRANTIES,
    44                           ; INCLUDING, BUT NOT LIMITED TO, THE IMPLIED WARRANTIES OF MERCHANTABILITY AND FITNESS F
      +                          OR
    45                           ; PURPOSE ARE DISCLAIMED.  IN NO EVENT SHALL MICROCHIP BE LIABLE FOR ANY DIRECT, INDIREC
      +                          T,
    46                           ; INCIDENTAL, SPECIAL, EXEMPLARY, OR CONSEQUENTIAL DAMAGES (INCLUDING BUT NOT LIMITED TO
    47                           ; PROCUREMENT OF SUBSTITUTE GOODS OR SERVICES; LOSS OF USE, DATA OR PROFITS; OR BUSINESS
    48                           ; INTERRUPTION) HOWSOEVER CAUSED AND ON ANY THEORY OF LIABILITY, WHETHER IN CONTRACT, ST
      +                          RICT
    49                           ; LIABILITY, OR TORT (INCLUDING NEGLIGENCE OR OTHERWISE) ARISING IN ANY WAY OUT OF THE U
      +                          SE OF
    50                           ; THIS SOFTWARE, EVEN IF ADVISED OF THE POSSIBILITY OF SUCH DAMAGE.
    51                           ; 
    52                           ; 
    53                           ; Code-generator required, PIC16F877A Definitions
    54                           ; 
    55                           ; SFR Addresses
    56     0004                     fsr             equ	4
    57     0004                     fsr0            equ	4
    58     0000                     indf            equ	0
    59     0000                     indf0           equ	0
    60     0002                     pc              equ	2
    61     0002                     pcl             equ	2
    62     000A                     pclath          equ	10
    63     0003                     status          equ	3
    64     0000                     INDF            equ	0	;# 
    65     0001                     TMR0            equ	1	;# 
    66     0002                     PCL             equ	2	;# 
    67     0003                     STATUS          equ	3	;# 
    68     0004                     FSR             equ	4	;# 
    69     0005                     PORTA           equ	5	;# 
    70     0006                     PORTB           equ	6	;# 
    71     0007                     PORTC           equ	7	;# 
    72     0008                     PORTD           equ	8	;# 
    73     0009                     PORTE           equ	9	;# 
    74     000A                     PCLATH          equ	10	;# 
    75     000B                     INTCON          equ	11	;# 
    76     000C                     PIR1            equ	12	;# 
    77     000D                     PIR2            equ	13	;# 
    78     000E                     TMR1            equ	14	;# 
    79     000E                     TMR1L           equ	14	;# 
    80     000F                     TMR1H           equ	15	;# 
    81     0010                     T1CON           equ	16	;# 
    82     0011                     TMR2            equ	17	;# 
    83     0012                     T2CON           equ	18	;# 
    84     0013                     SSPBUF          equ	19	;# 
    85     0014                     SSPCON          equ	20	;# 
    86     0015                     CCPR1           equ	21	;# 
    87     0015                     CCPR1L          equ	21	;# 
    88     0016                     CCPR1H          equ	22	;# 
    89     0017                     CCP1CON         equ	23	;# 
    90     0018                     RCSTA           equ	24	;# 
    91     0019                     TXREG           equ	25	;# 
    92     001A                     RCREG           equ	26	;# 
    93     001B                     CCPR2           equ	27	;# 
    94     001B                     CCPR2L          equ	27	;# 
    95     001C                     CCPR2H          equ	28	;# 
    96     001D                     CCP2CON         equ	29	;# 
    97     001E                     ADRESH          equ	30	;# 
    98     001F                     ADCON0          equ	31	;# 
    99     0081                     OPTION_REG      equ	129	;# 
   100     0085                     TRISA           equ	133	;# 
   101     0086                     TRISB           equ	134	;# 
   102     0087                     TRISC           equ	135	;# 
   103     0088                     TRISD           equ	136	;# 
   104     0089                     TRISE           equ	137	;# 
   105     008C                     PIE1            equ	140	;# 
   106     008D                     PIE2            equ	141	;# 
   107     008E                     PCON            equ	142	;# 
   108     0091                     SSPCON2         equ	145	;# 
   109     0092                     PR2             equ	146	;# 
   110     0093                     SSPADD          equ	147	;# 
   111     0094                     SSPSTAT         equ	148	;# 
   112     0098                     TXSTA           equ	152	;# 
   113     0099                     SPBRG           equ	153	;# 
   114     009C                     CMCON           equ	156	;# 
   115     009D                     CVRCON          equ	157	;# 
   116     009E                     ADRESL          equ	158	;# 
   117     009F                     ADCON1          equ	159	;# 
   118     010C                     EEDATA          equ	268	;# 
   119     010D                     EEADR           equ	269	;# 
   120     010E                     EEDATH          equ	270	;# 
   121     010F                     EEADRH          equ	271	;# 
   122     018C                     EECON1          equ	396	;# 
   123     018D                     EECON2          equ	397	;# 
   124     0000                     INDF            equ	0	;# 
   125     0001                     TMR0            equ	1	;# 
   126     0002                     PCL             equ	2	;# 
   127     0003                     STATUS          equ	3	;# 
   128     0004                     FSR             equ	4	;# 
   129     0005                     PORTA           equ	5	;# 
   130     0006                     PORTB           equ	6	;# 
   131     0007                     PORTC           equ	7	;# 
   132     0008                     PORTD           equ	8	;# 
   133     0009                     PORTE           equ	9	;# 
   134     000A                     PCLATH          equ	10	;# 
   135     000B                     INTCON          equ	11	;# 
   136     000C                     PIR1            equ	12	;# 
   137     000D                     PIR2            equ	13	;# 
   138     000E                     TMR1            equ	14	;# 
   139     000E                     TMR1L           equ	14	;# 
   140     000F                     TMR1H           equ	15	;# 
   141     0010                     T1CON           equ	16	;# 
   142     0011                     TMR2            equ	17	;# 
   143     0012                     T2CON           equ	18	;# 
   144     0013                     SSPBUF          equ	19	;# 
   145     0014                     SSPCON          equ	20	;# 
   146     0015                     CCPR1           equ	21	;# 
   147     0015                     CCPR1L          equ	21	;# 
   148     0016                     CCPR1H          equ	22	;# 
   149     0017                     CCP1CON         equ	23	;# 
   150     0018                     RCSTA           equ	24	;# 
   151     0019                     TXREG           equ	25	;# 
   152     001A                     RCREG           equ	26	;# 
   153     001B                     CCPR2           equ	27	;# 
   154     001B                     CCPR2L          equ	27	;# 
   155     001C                     CCPR2H          equ	28	;# 
   156     001D                     CCP2CON         equ	29	;# 
   157     001E                     ADRESH          equ	30	;# 
   158     001F                     ADCON0          equ	31	;# 
   159     0081                     OPTION_REG      equ	129	;# 
   160     0085                     TRISA           equ	133	;# 
   161     0086                     TRISB           equ	134	;# 
   162     0087                     TRISC           equ	135	;# 
   163     0088                     TRISD           equ	136	;# 
   164     0089                     TRISE           equ	137	;# 
   165     008C                     PIE1            equ	140	;# 
   166     008D                     PIE2            equ	141	;# 
   167     008E                     PCON            equ	142	;# 
   168     0091                     SSPCON2         equ	145	;# 
   169     0092                     PR2             equ	146	;# 
   170     0093                     SSPADD          equ	147	;# 
   171     0094                     SSPSTAT         equ	148	;# 
   172     0098                     TXSTA           equ	152	;# 
   173     0099                     SPBRG           equ	153	;# 
   174     009C                     CMCON           equ	156	;# 
   175     009D                     CVRCON          equ	157	;# 
   176     009E                     ADRESL          equ	158	;# 
   177     009F                     ADCON1          equ	159	;# 
   178     010C                     EEDATA          equ	268	;# 
   179     010D                     EEADR           equ	269	;# 
   180     010E                     EEDATH          equ	270	;# 
   181     010F                     EEADRH          equ	271	;# 
   182     018C                     EECON1          equ	396	;# 
   183     018D                     EECON2          equ	397	;# 
   184     001F                     _ADCON0         set	31
   185     000B                     _INTCONbits     set	11
   186     001E                     _ADRESH         set	30
   187     000C                     _PIR1bits       set	12
   188     0006                     _PORTBbits      set	6
   189     0007                     _PORTC          set	7
   190     009F                     _ADCON1         set	159
   191     0087                     _TRISC          set	135
   192     0086                     _TRISB          set	134
   193     008C                     _PIE1bits       set	140
   194     009E                     _ADRESL         set	158
   195                           
   196                           	psect	strings
   197     0206                     __pstrings:
   198     0206                     stringtab:
   199     0206                     __stringtab:
   200     0206                     stringcode:	
   201                           ;	String table - string pointers are 1 byte each
   202                           
   203     0206                     stringdir:
   204     0206  3002               	movlw	high stringdir
   205     0207  008A               	movwf	10
   206     0208  0804               	movf	4,w
   207     0209  0A84               	incf	4,f
   208     020A  0782               	addwf	2,f
   209     020B                     __stringbase:
   210     020B  3400               	retlw	0
   211     020C                     __end_of__stringtab:
   212     020C                     STR_1:
   213     020C  3450               	retlw	80	;'P'
   214     020D  344F               	retlw	79	;'O'
   215     020E  3454               	retlw	84	;'T'
   216     020F  3420               	retlw	32	;' '
   217     0210  3456               	retlw	86	;'V'
   218     0211  3461               	retlw	97	;'a'
   219     0212  346C               	retlw	108	;'l'
   220     0213  3475               	retlw	117	;'u'
   221     0214  3465               	retlw	101	;'e'
   222     0215  343A               	retlw	58	;':'
   223     0216  3420               	retlw	32	;' '
   224     0217  3400               	retlw	0
   225                           
   226                           	psect	cinit
   227     0011                     start_initialization:	
   228                           ; #config settings
   229                           
   230     0011                     __initialization:
   231                           
   232                           ; Clear objects allocated to COMMON
   233     0011  01F5               	clrf	__pbssCOMMON& (0+127)
   234     0012  01F6               	clrf	(__pbssCOMMON+1)& (0+127)
   235     0013  01F7               	clrf	(__pbssCOMMON+2)& (0+127)
   236     0014  01F8               	clrf	(__pbssCOMMON+3)& (0+127)
   237                           
   238                           ; Clear objects allocated to BANK0
   239     0015  1283               	bcf	3,5	;RP0=0, select bank0
   240     0016  1303               	bcf	3,6	;RP1=0, select bank0
   241     0017  01A0               	clrf	__pbssBANK0& (0+127)
   242     0018  01A1               	clrf	(__pbssBANK0+1)& (0+127)
   243     0019  01A2               	clrf	(__pbssBANK0+2)& (0+127)
   244     001A  01A3               	clrf	(__pbssBANK0+3)& (0+127)
   245     001B  01A4               	clrf	(__pbssBANK0+4)& (0+127)
   246     001C  01A5               	clrf	(__pbssBANK0+5)& (0+127)
   247     001D  01A6               	clrf	(__pbssBANK0+6)& (0+127)
   248     001E  01A7               	clrf	(__pbssBANK0+7)& (0+127)
   249     001F  01A8               	clrf	(__pbssBANK0+8)& (0+127)
   250     0020  01A9               	clrf	(__pbssBANK0+9)& (0+127)
   251     0021  01AA               	clrf	(__pbssBANK0+10)& (0+127)
   252     0022  01AB               	clrf	(__pbssBANK0+11)& (0+127)
   253     0023                     end_of_initialization:	
   254                           ;End of C runtime variable initialization code
   255                           
   256     0023                     __end_of__initialization:
   257     0023  0183               	clrf	3
   258     0024  120A  118A  2827   	ljmp	_main	;jump to C main() function
   259                           
   260                           	psect	bssCOMMON
   261     0075                     __pbssCOMMON:
   262     0075                     _a:
   263     0075                     	ds	2
   264     0077                     _adc:
   265     0077                     	ds	2
   266                           
   267                           	psect	bssBANK0
   268     0020                     __pbssBANK0:
   269     0020                     _f:
   270     0020                     	ds	2
   271     0022                     _e:
   272     0022                     	ds	2
   273     0024                     _d:
   274     0024                     	ds	2
   275     0026                     _c:
   276     0026                     	ds	2
   277     0028                     _b:
   278     0028                     	ds	2
   279     002A                     _temp:
   280     002A                     	ds	2
   281                           
   282                           	psect	cstackCOMMON
   283     0070                     __pcstackCOMMON:
   284     0070                     ?_lcd_data:
   285     0070                     ?_lcd_cmd:	
   286                           ; 1 bytes @ 0x0
   287                           
   288     0070                     ?_lcd_initialization:	
   289                           ; 1 bytes @ 0x0
   290                           
   291     0070                     ?_pot_val:	
   292                           ; 1 bytes @ 0x0
   293                           
   294     0070                     ?_main:	
   295                           ; 1 bytes @ 0x0
   296                           
   297     0070                     ??_pot_val:	
   298                           ; 1 bytes @ 0x0
   299                           
   300                           
   301                           ; 1 bytes @ 0x0
   302     0070                     	ds	5
   303     0075                     ??_lcd_string:
   304     0075                     ??_lcd_initialization:	
   305                           ; 1 bytes @ 0x5
   306                           
   307     0075                     ??_main:	
   308                           ; 1 bytes @ 0x5
   309                           
   310     0075                     ??___lwdiv:	
   311                           ; 1 bytes @ 0x5
   312                           
   313     0075                     ??___lwmod:	
   314                           ; 1 bytes @ 0x5
   315                           
   316                           
   317                           	psect	cstackBANK0
   318     002C                     __pcstackBANK0:	
   319                           ; 1 bytes @ 0x5
   320                           
   321     002C                     ?___lwdiv:
   322     002C                     ?___lwmod:	
   323                           ; 2 bytes @ 0x0
   324                           
   325     002C                     ___lwdiv@divisor:	
   326                           ; 2 bytes @ 0x0
   327                           
   328     002C                     ___lwmod@divisor:	
   329                           ; 2 bytes @ 0x0
   330                           
   331     002C                     ??_lcd_data:	
   332                           ; 2 bytes @ 0x0
   333                           
   334     002C                     ??_lcd_cmd:	
   335                           ; 1 bytes @ 0x0
   336                           
   337                           
   338                           ; 1 bytes @ 0x0
   339     002C                     	ds	2
   340     002E                     lcd_data@data:
   341     002E                     lcd_cmd@cmd:	
   342                           ; 1 bytes @ 0x2
   343                           
   344     002E                     ___lwdiv@dividend:	
   345                           ; 1 bytes @ 0x2
   346                           
   347     002E                     ___lwmod@dividend:	
   348                           ; 2 bytes @ 0x2
   349                           
   350                           
   351                           ; 2 bytes @ 0x2
   352     002E                     	ds	1
   353     002F                     ?_lcd_string:
   354     002F                     lcd_string@str:	
   355                           ; 1 bytes @ 0x3
   356                           
   357                           
   358                           ; 1 bytes @ 0x3
   359     002F                     	ds	1
   360     0030                     ___lwdiv@counter:
   361     0030                     ___lwmod@counter:	
   362                           ; 1 bytes @ 0x4
   363                           
   364     0030                     lcd_string@n:	
   365                           ; 1 bytes @ 0x4
   366                           
   367                           
   368                           ; 2 bytes @ 0x4
   369     0030                     	ds	1
   370     0031                     ___lwdiv@quotient:
   371                           
   372                           ; 2 bytes @ 0x5
   373     0031                     	ds	1
   374     0032                     lcd_string@i:
   375                           
   376                           ; 2 bytes @ 0x6
   377     0032                     	ds	2
   378                           
   379                           	psect	maintext
   380     0027                     __pmaintext:	
   381 ;;
   382 ;;Main: autosize = 0, tempsize = 0, incstack = 0, save=0
   383 ;;
   384 ;; *************** function _main *****************
   385 ;; Defined at:
   386 ;;		line 84 in file "main.c"
   387 ;; Parameters:    Size  Location     Type
   388 ;;		None
   389 ;; Auto vars:     Size  Location     Type
   390 ;;		None
   391 ;; Return value:  Size  Location     Type
   392 ;;                  1    wreg      void 
   393 ;; Registers used:
   394 ;;		wreg, fsr0l, fsr0h, status,2, status,0, pclath, cstack
   395 ;; Tracked objects:
   396 ;;		On entry : B00/0
   397 ;;		On exit  : 0/0
   398 ;;		Unchanged: 0/0
   399 ;; Data sizes:     COMMON   BANK0   BANK1   BANK3   BANK2
   400 ;;      Params:         0       0       0       0       0
   401 ;;      Locals:         0       0       0       0       0
   402 ;;      Temps:          0       0       0       0       0
   403 ;;      Totals:         0       0       0       0       0
   404 ;;Total ram usage:        0 bytes
   405 ;; Hardware stack levels required when called: 3
   406 ;; This function calls:
   407 ;;		___lwdiv
   408 ;;		___lwmod
   409 ;;		_lcd_cmd
   410 ;;		_lcd_data
   411 ;;		_lcd_initialization
   412 ;;		_lcd_string
   413 ;; This function is called by:
   414 ;;		Startup code after reset
   415 ;; This function uses a non-reentrant model
   416 ;;
   417                           
   418     0027                     _main:	
   419                           ;psect for function _main
   420                           
   421     0027                     l979:	
   422                           ;incstack = 0
   423                           ; Regs used in _main: [wreg-fsr0h+status,2+status,0+pclath+cstack]
   424                           
   425                           
   426                           ;main.c: 86: INTCONbits.GIE = 1;
   427     0027  178B               	bsf	11,7	;volatile
   428                           
   429                           ;main.c: 87: INTCONbits.PEIE = 1;
   430     0028  170B               	bsf	11,6	;volatile
   431                           
   432                           ;main.c: 89: PIE1bits.ADIE = 1;
   433     0029  1683               	bsf	3,5	;RP0=1, select bank1
   434     002A  1303               	bcf	3,6	;RP1=0, select bank1
   435     002B  170C               	bsf	12,6	;volatile
   436     002C                     l981:
   437                           
   438                           ;main.c: 91: TRISB = 0x00;
   439     002C  0186               	clrf	6	;volatile
   440                           
   441                           ;main.c: 92: TRISC = 0x00;
   442     002D  0187               	clrf	7	;volatile
   443     002E                     l983:
   444                           
   445                           ;main.c: 94: lcd_initialization();
   446     002E  120A  118A  21BF  120A  118A  	fcall	_lcd_initialization
   447     0033                     l985:
   448                           
   449                           ;main.c: 96: lcd_cmd(0x80);
   450     0033  3080               	movlw	128
   451     0034  120A  118A  21EF  120A  118A  	fcall	_lcd_cmd
   452     0039                     l987:
   453                           
   454                           ;main.c: 97: lcd_string("POT Value: ",11);
   455     0039  3001               	movlw	(low ((STR_1-__stringbase)| (0+32768)))& (0+255)
   456     003A  1283               	bcf	3,5	;RP0=0, select bank0
   457     003B  1303               	bcf	3,6	;RP1=0, select bank0
   458     003C  00AF               	movwf	lcd_string@str
   459     003D  300B               	movlw	11
   460     003E  00B0               	movwf	lcd_string@n
   461     003F  3000               	movlw	0
   462     0040  00B1               	movwf	lcd_string@n+1
   463     0041  120A  118A  219A  120A  118A  	fcall	_lcd_string
   464     0046                     l989:
   465                           
   466                           ;main.c: 99: ADCON0 = 0x41;
   467     0046  3041               	movlw	65
   468     0047  1283               	bcf	3,5	;RP0=0, select bank0
   469     0048  1303               	bcf	3,6	;RP1=0, select bank0
   470     0049  009F               	movwf	31	;volatile
   471     004A                     l991:
   472                           
   473                           ;main.c: 100: ADCON1 = 0x8E;
   474     004A  308E               	movlw	142
   475     004B  1683               	bsf	3,5	;RP0=1, select bank1
   476     004C  1303               	bcf	3,6	;RP1=0, select bank1
   477     004D  009F               	movwf	31	;volatile
   478     004E                     l993:
   479                           
   480                           ;main.c: 103: {;main.c: 104: ADCON0 = ADCON0 | (0x04);
   481     004E  1283               	bcf	3,5	;RP0=0, select bank0
   482     004F  1303               	bcf	3,6	;RP1=0, select bank0
   483     0050  081F               	movf	31,w	;volatile
   484     0051  3804               	iorlw	4
   485     0052  009F               	movwf	31	;volatile
   486     0053                     l995:
   487                           
   488                           ;main.c: 106: lcd_cmd(0x8C);
   489     0053  308C               	movlw	140
   490     0054  120A  118A  21EF  120A  118A  	fcall	_lcd_cmd
   491     0059                     l997:
   492                           
   493                           ;main.c: 110: a = adc/10;
   494     0059  300A               	movlw	10
   495     005A  1283               	bcf	3,5	;RP0=0, select bank0
   496     005B  1303               	bcf	3,6	;RP1=0, select bank0
   497     005C  00AC               	movwf	___lwdiv@divisor
   498     005D  3000               	movlw	0
   499     005E  00AD               	movwf	___lwdiv@divisor+1
   500     005F  0878               	movf	_adc+1,w
   501     0060  00AF               	movwf	___lwdiv@dividend+1
   502     0061  0877               	movf	_adc,w
   503     0062  00AE               	movwf	___lwdiv@dividend
   504     0063  120A  118A  20F3  120A  118A  	fcall	___lwdiv
   505     0068  1283               	bcf	3,5	;RP0=0, select bank0
   506     0069  1303               	bcf	3,6	;RP1=0, select bank0
   507     006A  082D               	movf	?___lwdiv+1,w
   508     006B  00F6               	movwf	_a+1
   509     006C  082C               	movf	?___lwdiv,w
   510     006D  00F5               	movwf	_a
   511     006E                     l999:
   512                           
   513                           ;main.c: 112: b = adc%10;
   514     006E  300A               	movlw	10
   515     006F  00AC               	movwf	___lwmod@divisor
   516     0070  3000               	movlw	0
   517     0071  00AD               	movwf	___lwmod@divisor+1
   518     0072  0878               	movf	_adc+1,w
   519     0073  00AF               	movwf	___lwmod@dividend+1
   520     0074  0877               	movf	_adc,w
   521     0075  00AE               	movwf	___lwmod@dividend
   522     0076  120A  118A  2137  120A  118A  	fcall	___lwmod
   523     007B  1283               	bcf	3,5	;RP0=0, select bank0
   524     007C  1303               	bcf	3,6	;RP1=0, select bank0
   525     007D  082D               	movf	?___lwmod+1,w
   526     007E  00A9               	movwf	_b+1
   527     007F  082C               	movf	?___lwmod,w
   528     0080  00A8               	movwf	_b
   529     0081                     l1001:
   530                           
   531                           ;main.c: 114: c = a%10;
   532     0081  300A               	movlw	10
   533     0082  00AC               	movwf	___lwmod@divisor
   534     0083  3000               	movlw	0
   535     0084  00AD               	movwf	___lwmod@divisor+1
   536     0085  0876               	movf	_a+1,w
   537     0086  00AF               	movwf	___lwmod@dividend+1
   538     0087  0875               	movf	_a,w
   539     0088  00AE               	movwf	___lwmod@dividend
   540     0089  120A  118A  2137  120A  118A  	fcall	___lwmod
   541     008E  1283               	bcf	3,5	;RP0=0, select bank0
   542     008F  1303               	bcf	3,6	;RP1=0, select bank0
   543     0090  082D               	movf	?___lwmod+1,w
   544     0091  00A7               	movwf	_c+1
   545     0092  082C               	movf	?___lwmod,w
   546     0093  00A6               	movwf	_c
   547     0094                     l1003:
   548                           
   549                           ;main.c: 116: d = a/10;
   550     0094  300A               	movlw	10
   551     0095  00AC               	movwf	___lwdiv@divisor
   552     0096  3000               	movlw	0
   553     0097  00AD               	movwf	___lwdiv@divisor+1
   554     0098  0876               	movf	_a+1,w
   555     0099  00AF               	movwf	___lwdiv@dividend+1
   556     009A  0875               	movf	_a,w
   557     009B  00AE               	movwf	___lwdiv@dividend
   558     009C  120A  118A  20F3  120A  118A  	fcall	___lwdiv
   559     00A1  1283               	bcf	3,5	;RP0=0, select bank0
   560     00A2  1303               	bcf	3,6	;RP1=0, select bank0
   561     00A3  082D               	movf	?___lwdiv+1,w
   562     00A4  00A5               	movwf	_d+1
   563     00A5  082C               	movf	?___lwdiv,w
   564     00A6  00A4               	movwf	_d
   565     00A7                     l1005:
   566                           
   567                           ;main.c: 118: e = d%10;
   568     00A7  300A               	movlw	10
   569     00A8  00AC               	movwf	___lwmod@divisor
   570     00A9  3000               	movlw	0
   571     00AA  00AD               	movwf	___lwmod@divisor+1
   572     00AB  0825               	movf	_d+1,w
   573     00AC  00AF               	movwf	___lwmod@dividend+1
   574     00AD  0824               	movf	_d,w
   575     00AE  00AE               	movwf	___lwmod@dividend
   576     00AF  120A  118A  2137  120A  118A  	fcall	___lwmod
   577     00B4  1283               	bcf	3,5	;RP0=0, select bank0
   578     00B5  1303               	bcf	3,6	;RP1=0, select bank0
   579     00B6  082D               	movf	?___lwmod+1,w
   580     00B7  00A3               	movwf	_e+1
   581     00B8  082C               	movf	?___lwmod,w
   582     00B9  00A2               	movwf	_e
   583     00BA                     l1007:
   584                           
   585                           ;main.c: 120: f = d/10;
   586     00BA  300A               	movlw	10
   587     00BB  00AC               	movwf	___lwdiv@divisor
   588     00BC  3000               	movlw	0
   589     00BD  00AD               	movwf	___lwdiv@divisor+1
   590     00BE  0825               	movf	_d+1,w
   591     00BF  00AF               	movwf	___lwdiv@dividend+1
   592     00C0  0824               	movf	_d,w
   593     00C1  00AE               	movwf	___lwdiv@dividend
   594     00C2  120A  118A  20F3  120A  118A  	fcall	___lwdiv
   595     00C7  1283               	bcf	3,5	;RP0=0, select bank0
   596     00C8  1303               	bcf	3,6	;RP1=0, select bank0
   597     00C9  082D               	movf	?___lwdiv+1,w
   598     00CA  00A1               	movwf	_f+1
   599     00CB  082C               	movf	?___lwdiv,w
   600     00CC  00A0               	movwf	_f
   601     00CD                     l1009:
   602                           
   603                           ;main.c: 124: lcd_data(f+0x30);
   604     00CD  0820               	movf	_f,w
   605     00CE  3E30               	addlw	48
   606     00CF  120A  118A  21D8  120A  118A  	fcall	_lcd_data
   607     00D4                     l1011:
   608                           
   609                           ;main.c: 126: lcd_data(e+0x30);
   610     00D4  1283               	bcf	3,5	;RP0=0, select bank0
   611     00D5  1303               	bcf	3,6	;RP1=0, select bank0
   612     00D6  0822               	movf	_e,w
   613     00D7  3E30               	addlw	48
   614     00D8  120A  118A  21D8  120A  118A  	fcall	_lcd_data
   615     00DD                     l1013:
   616                           
   617                           ;main.c: 128: lcd_data(c+0x30);
   618     00DD  1283               	bcf	3,5	;RP0=0, select bank0
   619     00DE  1303               	bcf	3,6	;RP1=0, select bank0
   620     00DF  0826               	movf	_c,w
   621     00E0  3E30               	addlw	48
   622     00E1  120A  118A  21D8  120A  118A  	fcall	_lcd_data
   623     00E6                     l1015:
   624                           
   625                           ;main.c: 130: lcd_data(b+0x30);
   626     00E6  1283               	bcf	3,5	;RP0=0, select bank0
   627     00E7  1303               	bcf	3,6	;RP1=0, select bank0
   628     00E8  0828               	movf	_b,w
   629     00E9  3E30               	addlw	48
   630     00EA  120A  118A  21D8  120A  118A  	fcall	_lcd_data
   631     00EF  284E               	goto	l993
   632     00F0  120A  118A  280E   	ljmp	start
   633     00F3                     __end_of_main:
   634                           
   635                           	psect	text1
   636     019A                     __ptext1:	
   637 ;; *************** function _lcd_string *****************
   638 ;; Defined at:
   639 ;;		line 54 in file "main.c"
   640 ;; Parameters:    Size  Location     Type
   641 ;;  str             1    3[BANK0 ] PTR unsigned char 
   642 ;;		 -> STR_1(12), 
   643 ;;  n               2    4[BANK0 ] unsigned int 
   644 ;; Auto vars:     Size  Location     Type
   645 ;;  i               2    6[BANK0 ] int 
   646 ;; Return value:  Size  Location     Type
   647 ;;                  1    wreg      void 
   648 ;; Registers used:
   649 ;;		wreg, fsr0l, fsr0h, status,2, status,0, pclath, cstack
   650 ;; Tracked objects:
   651 ;;		On entry : 0/0
   652 ;;		On exit  : 0/0
   653 ;;		Unchanged: 0/0
   654 ;; Data sizes:     COMMON   BANK0   BANK1   BANK3   BANK2
   655 ;;      Params:         0       3       0       0       0
   656 ;;      Locals:         0       2       0       0       0
   657 ;;      Temps:          0       0       0       0       0
   658 ;;      Totals:         0       5       0       0       0
   659 ;;Total ram usage:        5 bytes
   660 ;; Hardware stack levels used: 1
   661 ;; Hardware stack levels required when called: 2
   662 ;; This function calls:
   663 ;;		_lcd_data
   664 ;; This function is called by:
   665 ;;		_main
   666 ;; This function uses a non-reentrant model
   667 ;;
   668                           
   669     019A                     _lcd_string:	
   670                           ;psect for function _lcd_string
   671                           
   672     019A                     l921:	
   673                           ;incstack = 0
   674                           ; Regs used in _lcd_string: [wreg-fsr0h+status,2+status,0+pclath+cstack]
   675                           
   676                           
   677                           ;main.c: 56: for(int i=0;i<n;i++)
   678     019A  1283               	bcf	3,5	;RP0=0, select bank0
   679     019B  1303               	bcf	3,6	;RP1=0, select bank0
   680     019C  01B2               	clrf	lcd_string@i
   681     019D  01B3               	clrf	lcd_string@i+1
   682     019E  29B4               	goto	l927
   683     019F                     l923:
   684                           
   685                           ;main.c: 57: {;main.c: 58: lcd_data(str[i]);
   686     019F  0832               	movf	lcd_string@i,w
   687     01A0  072F               	addwf	lcd_string@str,w
   688     01A1  0084               	movwf	4
   689     01A2  120A  118A  2206  120A  118A  	fcall	stringdir
   690     01A7  120A  118A  21D8  120A  118A  	fcall	_lcd_data
   691     01AC                     l925:
   692     01AC  3001               	movlw	1
   693     01AD  1283               	bcf	3,5	;RP0=0, select bank0
   694     01AE  1303               	bcf	3,6	;RP1=0, select bank0
   695     01AF  07B2               	addwf	lcd_string@i,f
   696     01B0  1803               	skipnc
   697     01B1  0AB3               	incf	lcd_string@i+1,f
   698     01B2  3000               	movlw	0
   699     01B3  07B3               	addwf	lcd_string@i+1,f
   700     01B4                     l927:
   701     01B4  0831               	movf	lcd_string@n+1,w
   702     01B5  0233               	subwf	lcd_string@i+1,w
   703     01B6  1D03               	skipz
   704     01B7  29BA               	goto	u305
   705     01B8  0830               	movf	lcd_string@n,w
   706     01B9  0232               	subwf	lcd_string@i,w
   707     01BA                     u305:
   708     01BA  1C03               	skipc
   709     01BB  29BD               	goto	u301
   710     01BC  29BE               	goto	u300
   711     01BD                     u301:
   712     01BD  299F               	goto	l923
   713     01BE                     u300:
   714     01BE                     l52:
   715     01BE  0008               	return
   716     01BF                     __end_of_lcd_string:
   717                           
   718                           	psect	text2
   719     01D8                     __ptext2:	
   720 ;; *************** function _lcd_data *****************
   721 ;; Defined at:
   722 ;;		line 34 in file "main.c"
   723 ;; Parameters:    Size  Location     Type
   724 ;;  data            1    wreg     unsigned char 
   725 ;; Auto vars:     Size  Location     Type
   726 ;;  data            1    2[BANK0 ] unsigned char 
   727 ;; Return value:  Size  Location     Type
   728 ;;                  1    wreg      void 
   729 ;; Registers used:
   730 ;;		wreg
   731 ;; Tracked objects:
   732 ;;		On entry : 0/0
   733 ;;		On exit  : 0/0
   734 ;;		Unchanged: 0/0
   735 ;; Data sizes:     COMMON   BANK0   BANK1   BANK3   BANK2
   736 ;;      Params:         0       0       0       0       0
   737 ;;      Locals:         0       1       0       0       0
   738 ;;      Temps:          0       2       0       0       0
   739 ;;      Totals:         0       3       0       0       0
   740 ;;Total ram usage:        3 bytes
   741 ;; Hardware stack levels used: 1
   742 ;; Hardware stack levels required when called: 1
   743 ;; This function calls:
   744 ;;		Nothing
   745 ;; This function is called by:
   746 ;;		_lcd_string
   747 ;;		_main
   748 ;; This function uses a non-reentrant model
   749 ;;
   750                           
   751     01D8                     _lcd_data:	
   752                           ;psect for function _lcd_data
   753                           
   754                           
   755                           ;incstack = 0
   756                           ; Regs used in _lcd_data: [wreg]
   757                           ;lcd_data@data stored from wreg
   758     01D8  1283               	bcf	3,5	;RP0=0, select bank0
   759     01D9  1303               	bcf	3,6	;RP1=0, select bank0
   760     01DA  00AE               	movwf	lcd_data@data
   761     01DB                     l901:
   762                           
   763                           ;main.c: 36: PORTC = data;
   764     01DB  082E               	movf	lcd_data@data,w
   765     01DC  0087               	movwf	7	;volatile
   766     01DD                     l903:
   767                           
   768                           ;main.c: 37: PORTBbits.RB0 = 1;
   769     01DD  1406               	bsf	6,0	;volatile
   770     01DE                     l905:
   771                           
   772                           ;main.c: 38: PORTBbits.RB1 = 0;
   773     01DE  1086               	bcf	6,1	;volatile
   774     01DF                     l907:
   775                           
   776                           ;main.c: 39: PORTBbits.RB2 = 1;
   777     01DF  1506               	bsf	6,2	;volatile
   778                           
   779                           ;main.c: 40: _delay((unsigned long)((10)*(20000000/4000.0)));
   780     01E0  3041               	movlw	65
   781     01E1  1283               	bcf	3,5	;RP0=0, select bank0
   782     01E2  1303               	bcf	3,6	;RP1=0, select bank0
   783     01E3  00AD               	movwf	??_lcd_data+1
   784     01E4  30ED               	movlw	237
   785     01E5  00AC               	movwf	??_lcd_data
   786     01E6                     u447:
   787     01E6  0BAC               	decfsz	??_lcd_data,f
   788     01E7  29E6               	goto	u447
   789     01E8  0BAD               	decfsz	??_lcd_data+1,f
   790     01E9  29E6               	goto	u447
   791     01EA  29EB               	nop2
   792     01EB                     l909:
   793                           
   794                           ;main.c: 41: PORTBbits.RB2 = 0;
   795     01EB  1283               	bcf	3,5	;RP0=0, select bank0
   796     01EC  1303               	bcf	3,6	;RP1=0, select bank0
   797     01ED  1106               	bcf	6,2	;volatile
   798     01EE                     l43:
   799     01EE  0008               	return
   800     01EF                     __end_of_lcd_data:
   801                           
   802                           	psect	text3
   803     01BF                     __ptext3:	
   804 ;; *************** function _lcd_initialization *****************
   805 ;; Defined at:
   806 ;;		line 62 in file "main.c"
   807 ;; Parameters:    Size  Location     Type
   808 ;;		None
   809 ;; Auto vars:     Size  Location     Type
   810 ;;		None
   811 ;; Return value:  Size  Location     Type
   812 ;;                  1    wreg      void 
   813 ;; Registers used:
   814 ;;		wreg, status,2, status,0, pclath, cstack
   815 ;; Tracked objects:
   816 ;;		On entry : 0/0
   817 ;;		On exit  : 0/0
   818 ;;		Unchanged: 0/0
   819 ;; Data sizes:     COMMON   BANK0   BANK1   BANK3   BANK2
   820 ;;      Params:         0       0       0       0       0
   821 ;;      Locals:         0       0       0       0       0
   822 ;;      Temps:          0       0       0       0       0
   823 ;;      Totals:         0       0       0       0       0
   824 ;;Total ram usage:        0 bytes
   825 ;; Hardware stack levels used: 1
   826 ;; Hardware stack levels required when called: 2
   827 ;; This function calls:
   828 ;;		_lcd_cmd
   829 ;; This function is called by:
   830 ;;		_main
   831 ;; This function uses a non-reentrant model
   832 ;;
   833                           
   834     01BF                     _lcd_initialization:	
   835                           ;psect for function _lcd_initialization
   836                           
   837     01BF                     l929:	
   838                           ;incstack = 0
   839                           ; Regs used in _lcd_initialization: [wreg+status,2+status,0+pclath+cstack]
   840                           
   841                           
   842                           ;main.c: 64: lcd_cmd(0x38);
   843     01BF  3038               	movlw	56
   844     01C0  120A  118A  21EF  120A  118A  	fcall	_lcd_cmd
   845                           
   846                           ;main.c: 65: lcd_cmd(0x06);
   847     01C5  3006               	movlw	6
   848     01C6  120A  118A  21EF  120A  118A  	fcall	_lcd_cmd
   849                           
   850                           ;main.c: 66: lcd_cmd(0x0C);
   851     01CB  300C               	movlw	12
   852     01CC  120A  118A  21EF  120A  118A  	fcall	_lcd_cmd
   853                           
   854                           ;main.c: 67: lcd_cmd(0x01);
   855     01D1  3001               	movlw	1
   856     01D2  120A  118A  21EF  120A  118A  	fcall	_lcd_cmd
   857     01D7                     l55:
   858     01D7  0008               	return
   859     01D8                     __end_of_lcd_initialization:
   860                           
   861                           	psect	text4
   862     01EF                     __ptext4:	
   863 ;; *************** function _lcd_cmd *****************
   864 ;; Defined at:
   865 ;;		line 44 in file "main.c"
   866 ;; Parameters:    Size  Location     Type
   867 ;;  cmd             1    wreg     unsigned char 
   868 ;; Auto vars:     Size  Location     Type
   869 ;;  cmd             1    2[BANK0 ] unsigned char 
   870 ;; Return value:  Size  Location     Type
   871 ;;                  1    wreg      void 
   872 ;; Registers used:
   873 ;;		wreg
   874 ;; Tracked objects:
   875 ;;		On entry : 0/0
   876 ;;		On exit  : 0/0
   877 ;;		Unchanged: 0/0
   878 ;; Data sizes:     COMMON   BANK0   BANK1   BANK3   BANK2
   879 ;;      Params:         0       0       0       0       0
   880 ;;      Locals:         0       1       0       0       0
   881 ;;      Temps:          0       2       0       0       0
   882 ;;      Totals:         0       3       0       0       0
   883 ;;Total ram usage:        3 bytes
   884 ;; Hardware stack levels used: 1
   885 ;; Hardware stack levels required when called: 1
   886 ;; This function calls:
   887 ;;		Nothing
   888 ;; This function is called by:
   889 ;;		_lcd_initialization
   890 ;;		_main
   891 ;; This function uses a non-reentrant model
   892 ;;
   893                           
   894     01EF                     _lcd_cmd:	
   895                           ;psect for function _lcd_cmd
   896                           
   897                           
   898                           ;incstack = 0
   899                           ; Regs used in _lcd_cmd: [wreg]
   900                           ;lcd_cmd@cmd stored from wreg
   901     01EF  1283               	bcf	3,5	;RP0=0, select bank0
   902     01F0  1303               	bcf	3,6	;RP1=0, select bank0
   903     01F1  00AE               	movwf	lcd_cmd@cmd
   904     01F2                     l911:
   905                           
   906                           ;main.c: 46: PORTC = cmd;
   907     01F2  082E               	movf	lcd_cmd@cmd,w
   908     01F3  0087               	movwf	7	;volatile
   909     01F4                     l913:
   910                           
   911                           ;main.c: 47: PORTBbits.RB0 = 0;
   912     01F4  1006               	bcf	6,0	;volatile
   913     01F5                     l915:
   914                           
   915                           ;main.c: 48: PORTBbits.RB1 = 0;
   916     01F5  1086               	bcf	6,1	;volatile
   917     01F6                     l917:
   918                           
   919                           ;main.c: 49: PORTBbits.RB2 = 1;
   920     01F6  1506               	bsf	6,2	;volatile
   921                           
   922                           ;main.c: 50: _delay((unsigned long)((10)*(20000000/4000.0)));
   923     01F7  3041               	movlw	65
   924     01F8  1283               	bcf	3,5	;RP0=0, select bank0
   925     01F9  1303               	bcf	3,6	;RP1=0, select bank0
   926     01FA  00AD               	movwf	??_lcd_cmd+1
   927     01FB  30ED               	movlw	237
   928     01FC  00AC               	movwf	??_lcd_cmd
   929     01FD                     u457:
   930     01FD  0BAC               	decfsz	??_lcd_cmd,f
   931     01FE  29FD               	goto	u457
   932     01FF  0BAD               	decfsz	??_lcd_cmd+1,f
   933     0200  29FD               	goto	u457
   934     0201  2A02               	nop2
   935     0202                     l919:
   936                           
   937                           ;main.c: 51: PORTBbits.RB2 = 0;
   938     0202  1283               	bcf	3,5	;RP0=0, select bank0
   939     0203  1303               	bcf	3,6	;RP1=0, select bank0
   940     0204  1106               	bcf	6,2	;volatile
   941     0205                     l46:
   942     0205  0008               	return
   943     0206                     __end_of_lcd_cmd:
   944                           
   945                           	psect	text5
   946     0137                     __ptext5:	
   947 ;; *************** function ___lwmod *****************
   948 ;; Defined at:
   949 ;;		line 5 in file "J:\Microchip\xc8\v2.50\pic\sources\c90\common\lwmod.c"
   950 ;; Parameters:    Size  Location     Type
   951 ;;  divisor         2    0[BANK0 ] unsigned int 
   952 ;;  dividend        2    2[BANK0 ] unsigned int 
   953 ;; Auto vars:     Size  Location     Type
   954 ;;  counter         1    4[BANK0 ] unsigned char 
   955 ;; Return value:  Size  Location     Type
   956 ;;                  2    0[BANK0 ] unsigned int 
   957 ;; Registers used:
   958 ;;		wreg, status,2, status,0
   959 ;; Tracked objects:
   960 ;;		On entry : 0/0
   961 ;;		On exit  : 0/0
   962 ;;		Unchanged: 0/0
   963 ;; Data sizes:     COMMON   BANK0   BANK1   BANK3   BANK2
   964 ;;      Params:         0       4       0       0       0
   965 ;;      Locals:         0       1       0       0       0
   966 ;;      Temps:          0       0       0       0       0
   967 ;;      Totals:         0       5       0       0       0
   968 ;;Total ram usage:        5 bytes
   969 ;; Hardware stack levels used: 1
   970 ;; Hardware stack levels required when called: 1
   971 ;; This function calls:
   972 ;;		Nothing
   973 ;; This function is called by:
   974 ;;		_main
   975 ;; This function uses a non-reentrant model
   976 ;;
   977                           
   978     0137                     ___lwmod:	
   979                           ;psect for function ___lwmod
   980                           
   981     0137                     l957:	
   982                           ;incstack = 0
   983                           ; Regs used in ___lwmod: [wreg+status,2+status,0]
   984                           
   985     0137  1283               	bcf	3,5	;RP0=0, select bank0
   986     0138  1303               	bcf	3,6	;RP1=0, select bank0
   987     0139  082C               	movf	___lwmod@divisor,w
   988     013A  042D               	iorwf	___lwmod@divisor+1,w
   989     013B  1903               	btfsc	3,2
   990     013C  293E               	goto	u381
   991     013D  293F               	goto	u380
   992     013E                     u381:
   993     013E  296C               	goto	l975
   994     013F                     u380:
   995     013F                     l959:
   996     013F  3001               	movlw	1
   997     0140  00B0               	movwf	___lwmod@counter
   998     0141  294B               	goto	l965
   999     0142                     l961:
  1000     0142  3001               	movlw	1
  1001     0143                     u395:
  1002     0143  1003               	clrc
  1003     0144  0DAC               	rlf	___lwmod@divisor,f
  1004     0145  0DAD               	rlf	___lwmod@divisor+1,f
  1005     0146  3EFF               	addlw	-1
  1006     0147  1D03               	skipz
  1007     0148  2943               	goto	u395
  1008     0149                     l963:
  1009     0149  3001               	movlw	1
  1010     014A  07B0               	addwf	___lwmod@counter,f
  1011     014B                     l965:
  1012     014B  1FAD               	btfss	___lwmod@divisor+1,7
  1013     014C  294E               	goto	u401
  1014     014D  294F               	goto	u400
  1015     014E                     u401:
  1016     014E  2942               	goto	l961
  1017     014F                     u400:
  1018     014F                     l967:
  1019     014F  082D               	movf	___lwmod@divisor+1,w
  1020     0150  022F               	subwf	___lwmod@dividend+1,w
  1021     0151  1D03               	skipz
  1022     0152  2955               	goto	u415
  1023     0153  082C               	movf	___lwmod@divisor,w
  1024     0154  022E               	subwf	___lwmod@dividend,w
  1025     0155                     u415:
  1026     0155  1C03               	skipc
  1027     0156  2958               	goto	u411
  1028     0157  2959               	goto	u410
  1029     0158                     u411:
  1030     0158  295F               	goto	l971
  1031     0159                     u410:
  1032     0159                     l969:
  1033     0159  082C               	movf	___lwmod@divisor,w
  1034     015A  02AE               	subwf	___lwmod@dividend,f
  1035     015B  082D               	movf	___lwmod@divisor+1,w
  1036     015C  1C03               	skipc
  1037     015D  03AF               	decf	___lwmod@dividend+1,f
  1038     015E  02AF               	subwf	___lwmod@dividend+1,f
  1039     015F                     l971:
  1040     015F  3001               	movlw	1
  1041     0160                     u425:
  1042     0160  1003               	clrc
  1043     0161  0CAD               	rrf	___lwmod@divisor+1,f
  1044     0162  0CAC               	rrf	___lwmod@divisor,f
  1045     0163  3EFF               	addlw	-1
  1046     0164  1D03               	skipz
  1047     0165  2960               	goto	u425
  1048     0166                     l973:
  1049     0166  3001               	movlw	1
  1050     0167  02B0               	subwf	___lwmod@counter,f
  1051     0168  1D03               	btfss	3,2
  1052     0169  296B               	goto	u431
  1053     016A  296C               	goto	u430
  1054     016B                     u431:
  1055     016B  294F               	goto	l967
  1056     016C                     u430:
  1057     016C                     l975:
  1058     016C  082F               	movf	___lwmod@dividend+1,w
  1059     016D  00AD               	movwf	?___lwmod+1
  1060     016E  082E               	movf	___lwmod@dividend,w
  1061     016F  00AC               	movwf	?___lwmod
  1062     0170                     l437:
  1063     0170  0008               	return
  1064     0171                     __end_of___lwmod:
  1065                           
  1066                           	psect	text6
  1067     00F3                     __ptext6:	
  1068 ;; *************** function ___lwdiv *****************
  1069 ;; Defined at:
  1070 ;;		line 5 in file "J:\Microchip\xc8\v2.50\pic\sources\c90\common\lwdiv.c"
  1071 ;; Parameters:    Size  Location     Type
  1072 ;;  divisor         2    0[BANK0 ] unsigned int 
  1073 ;;  dividend        2    2[BANK0 ] unsigned int 
  1074 ;; Auto vars:     Size  Location     Type
  1075 ;;  quotient        2    5[BANK0 ] unsigned int 
  1076 ;;  counter         1    4[BANK0 ] unsigned char 
  1077 ;; Return value:  Size  Location     Type
  1078 ;;                  2    0[BANK0 ] unsigned int 
  1079 ;; Registers used:
  1080 ;;		wreg, status,2, status,0
  1081 ;; Tracked objects:
  1082 ;;		On entry : 0/0
  1083 ;;		On exit  : 0/0
  1084 ;;		Unchanged: 0/0
  1085 ;; Data sizes:     COMMON   BANK0   BANK1   BANK3   BANK2
  1086 ;;      Params:         0       4       0       0       0
  1087 ;;      Locals:         0       3       0       0       0
  1088 ;;      Temps:          0       0       0       0       0
  1089 ;;      Totals:         0       7       0       0       0
  1090 ;;Total ram usage:        7 bytes
  1091 ;; Hardware stack levels used: 1
  1092 ;; Hardware stack levels required when called: 1
  1093 ;; This function calls:
  1094 ;;		Nothing
  1095 ;; This function is called by:
  1096 ;;		_main
  1097 ;; This function uses a non-reentrant model
  1098 ;;
  1099                           
  1100     00F3                     ___lwdiv:	
  1101                           ;psect for function ___lwdiv
  1102                           
  1103     00F3                     l931:	
  1104                           ;incstack = 0
  1105                           ; Regs used in ___lwdiv: [wreg+status,2+status,0]
  1106                           
  1107     00F3  1283               	bcf	3,5	;RP0=0, select bank0
  1108     00F4  1303               	bcf	3,6	;RP1=0, select bank0
  1109     00F5  01B1               	clrf	___lwdiv@quotient
  1110     00F6  01B2               	clrf	___lwdiv@quotient+1
  1111     00F7                     l933:
  1112     00F7  082C               	movf	___lwdiv@divisor,w
  1113     00F8  042D               	iorwf	___lwdiv@divisor+1,w
  1114     00F9  1903               	btfsc	3,2
  1115     00FA  28FC               	goto	u311
  1116     00FB  28FD               	goto	u310
  1117     00FC                     u311:
  1118     00FC  2932               	goto	l953
  1119     00FD                     u310:
  1120     00FD                     l935:
  1121     00FD  3001               	movlw	1
  1122     00FE  00B0               	movwf	___lwdiv@counter
  1123     00FF  2909               	goto	l941
  1124     0100                     l937:
  1125     0100  3001               	movlw	1
  1126     0101                     u325:
  1127     0101  1003               	clrc
  1128     0102  0DAC               	rlf	___lwdiv@divisor,f
  1129     0103  0DAD               	rlf	___lwdiv@divisor+1,f
  1130     0104  3EFF               	addlw	-1
  1131     0105  1D03               	skipz
  1132     0106  2901               	goto	u325
  1133     0107                     l939:
  1134     0107  3001               	movlw	1
  1135     0108  07B0               	addwf	___lwdiv@counter,f
  1136     0109                     l941:
  1137     0109  1FAD               	btfss	___lwdiv@divisor+1,7
  1138     010A  290C               	goto	u331
  1139     010B  290D               	goto	u330
  1140     010C                     u331:
  1141     010C  2900               	goto	l937
  1142     010D                     u330:
  1143     010D                     l943:
  1144     010D  3001               	movlw	1
  1145     010E                     u345:
  1146     010E  1003               	clrc
  1147     010F  0DB1               	rlf	___lwdiv@quotient,f
  1148     0110  0DB2               	rlf	___lwdiv@quotient+1,f
  1149     0111  3EFF               	addlw	-1
  1150     0112  1D03               	skipz
  1151     0113  290E               	goto	u345
  1152     0114  082D               	movf	___lwdiv@divisor+1,w
  1153     0115  022F               	subwf	___lwdiv@dividend+1,w
  1154     0116  1D03               	skipz
  1155     0117  291A               	goto	u355
  1156     0118  082C               	movf	___lwdiv@divisor,w
  1157     0119  022E               	subwf	___lwdiv@dividend,w
  1158     011A                     u355:
  1159     011A  1C03               	skipc
  1160     011B  291D               	goto	u351
  1161     011C  291E               	goto	u350
  1162     011D                     u351:
  1163     011D  2925               	goto	l949
  1164     011E                     u350:
  1165     011E                     l945:
  1166     011E  082C               	movf	___lwdiv@divisor,w
  1167     011F  02AE               	subwf	___lwdiv@dividend,f
  1168     0120  082D               	movf	___lwdiv@divisor+1,w
  1169     0121  1C03               	skipc
  1170     0122  03AF               	decf	___lwdiv@dividend+1,f
  1171     0123  02AF               	subwf	___lwdiv@dividend+1,f
  1172     0124                     l947:
  1173     0124  1431               	bsf	___lwdiv@quotient,0
  1174     0125                     l949:
  1175     0125  3001               	movlw	1
  1176     0126                     u365:
  1177     0126  1003               	clrc
  1178     0127  0CAD               	rrf	___lwdiv@divisor+1,f
  1179     0128  0CAC               	rrf	___lwdiv@divisor,f
  1180     0129  3EFF               	addlw	-1
  1181     012A  1D03               	skipz
  1182     012B  2926               	goto	u365
  1183     012C                     l951:
  1184     012C  3001               	movlw	1
  1185     012D  02B0               	subwf	___lwdiv@counter,f
  1186     012E  1D03               	btfss	3,2
  1187     012F  2931               	goto	u371
  1188     0130  2932               	goto	u370
  1189     0131                     u371:
  1190     0131  290D               	goto	l943
  1191     0132                     u370:
  1192     0132                     l953:
  1193     0132  0832               	movf	___lwdiv@quotient+1,w
  1194     0133  00AD               	movwf	?___lwdiv+1
  1195     0134  0831               	movf	___lwdiv@quotient,w
  1196     0135  00AC               	movwf	?___lwdiv
  1197     0136                     l427:
  1198     0136  0008               	return
  1199     0137                     __end_of___lwdiv:
  1200                           
  1201                           	psect	text7
  1202     0171                     __ptext7:	
  1203 ;; *************** function _pot_val *****************
  1204 ;; Defined at:
  1205 ;;		line 70 in file "main.c"
  1206 ;; Parameters:    Size  Location     Type
  1207 ;;		None
  1208 ;; Auto vars:     Size  Location     Type
  1209 ;;		None
  1210 ;; Return value:  Size  Location     Type
  1211 ;;                  1    wreg      void 
  1212 ;; Registers used:
  1213 ;;		wreg, btemp+1
  1214 ;; Tracked objects:
  1215 ;;		On entry : 0/0
  1216 ;;		On exit  : 0/0
  1217 ;;		Unchanged: 0/0
  1218 ;; Data sizes:     COMMON   BANK0   BANK1   BANK3   BANK2
  1219 ;;      Params:         0       0       0       0       0
  1220 ;;      Locals:         0       0       0       0       0
  1221 ;;      Temps:          5       0       0       0       0
  1222 ;;      Totals:         5       0       0       0       0
  1223 ;;Total ram usage:        5 bytes
  1224 ;; Hardware stack levels used: 1
  1225 ;; This function calls:
  1226 ;;		Nothing
  1227 ;; This function is called by:
  1228 ;;		Interrupt level 1
  1229 ;; This function uses a non-reentrant model
  1230 ;;
  1231                           
  1232     0171                     _pot_val:	
  1233                           ;psect for function _pot_val
  1234                           
  1235     0171                     i1l739:
  1236                           
  1237                           ;main.c: 72: if(PIR1bits.ADIF == 1)
  1238     0171  1283               	bcf	3,5	;RP0=0, select bank0
  1239     0172  1303               	bcf	3,6	;RP1=0, select bank0
  1240     0173  1F0C               	btfss	12,6	;volatile
  1241     0174  2976               	goto	u15_21
  1242     0175  2977               	goto	u15_20
  1243     0176                     u15_21:
  1244     0176  2991               	goto	i1l61
  1245     0177                     u15_20:
  1246     0177                     i1l741:
  1247                           
  1248                           ;main.c: 73: {;main.c: 74: adc = (ADRESH << 8);
  1249     0177  081E               	movf	30,w	;volatile
  1250     0178  00F0               	movwf	??_pot_val
  1251     0179  01F1               	clrf	??_pot_val+1
  1252     017A  0870               	movf	??_pot_val,w
  1253     017B  00F1               	movwf	??_pot_val+1
  1254     017C  01F0               	clrf	??_pot_val
  1255     017D  0870               	movf	??_pot_val,w
  1256     017E  00F7               	movwf	_adc
  1257     017F  0871               	movf	??_pot_val+1,w
  1258     0180  00F8               	movwf	_adc+1
  1259     0181                     i1l743:
  1260                           
  1261                           ;main.c: 76: adc = adc + ADRESL;
  1262     0181  1683               	bsf	3,5	;RP0=1, select bank1
  1263     0182  1303               	bcf	3,6	;RP1=0, select bank1
  1264     0183  081E               	movf	30,w	;volatile
  1265     0184  0777               	addwf	_adc,w
  1266     0185  00F0               	movwf	??_pot_val
  1267     0186  0878               	movf	_adc+1,w
  1268     0187  1803               	skipnc
  1269     0188  0A78               	incf	_adc+1,w
  1270     0189  00F1               	movwf	??_pot_val+1
  1271     018A  0870               	movf	??_pot_val,w
  1272     018B  00F7               	movwf	_adc
  1273     018C  0871               	movf	??_pot_val+1,w
  1274     018D  00F8               	movwf	_adc+1
  1275     018E                     i1l745:
  1276                           
  1277                           ;main.c: 78: PIR1bits.ADIF = 0;
  1278     018E  1283               	bcf	3,5	;RP0=0, select bank0
  1279     018F  1303               	bcf	3,6	;RP1=0, select bank0
  1280     0190  130C               	bcf	12,6	;volatile
  1281     0191                     i1l61:
  1282     0191  0874               	movf	??_pot_val+4,w
  1283     0192  00FF               	movwf	btemp+1
  1284     0193  0873               	movf	??_pot_val+3,w
  1285     0194  008A               	movwf	10
  1286     0195  0E72               	swapf	??_pot_val+2,w
  1287     0196  0083               	movwf	3
  1288     0197  0EFE               	swapf	btemp,f
  1289     0198  0E7E               	swapf	btemp,w
  1290     0199  0009               	retfie
  1291     019A                     __end_of_pot_val:
  1292     0002                     ___latbits      equ	2
  1293     007E                     btemp           set	126	;btemp
  1294     007E                     wtemp0          set	126
  1295                           
  1296                           	psect	intentry
  1297     0004                     __pintentry:	
  1298                           ;incstack = 0
  1299                           ; Regs used in _pot_val: [wreg+btemp+1]
  1300                           
  1301     0004                     interrupt_function:
  1302     007E                     saved_w         set	btemp
  1303     0004  00FE               	movwf	btemp
  1304     0005  0E03               	swapf	3,w
  1305     0006  00F2               	movwf	??_pot_val+2
  1306     0007  080A               	movf	10,w
  1307     0008  00F3               	movwf	??_pot_val+3
  1308     0009  087F               	movf	btemp+1,w
  1309     000A  00F4               	movwf	??_pot_val+4
  1310     000B  120A  118A  2971   	ljmp	_pot_val
  1311                           
  1312                           	psect	config
  1313                           
  1314                           ;Config register CONFIG @ 0x2007
  1315                           ;	Oscillator Selection bits
  1316                           ;	FOSC = HS, HS oscillator
  1317                           ;	Watchdog Timer Enable bit
  1318                           ;	WDTE = OFF, WDT disabled
  1319                           ;	Power-up Timer Enable bit
  1320                           ;	PWRTE = OFF, PWRT disabled
  1321                           ;	Brown-out Reset Enable bit
  1322                           ;	BOREN = ON, BOR enabled
  1323                           ;	Low-Voltage (Single-Supply) In-Circuit Serial Programming Enable bit
  1324                           ;	LVP = ON, RB3/PGM pin has PGM function; low-voltage programming enabled
  1325                           ;	Data EEPROM Memory Code Protection bit
  1326                           ;	CPD = OFF, Data EEPROM code protection off
  1327                           ;	Flash Program Memory Write Enable bits
  1328                           ;	WRT = OFF, Write protection off; all program memory may be written to by EECON control
  1329                           ;	In-Circuit Debugger Mode bit
  1330                           ;	DEBUG = 0x1, unprogrammed default
  1331                           ;	Flash Program Memory Code Protection bit
  1332                           ;	CP = ON, All program memory code-protected
  1333     2007                     	org	8199
  1334     2007  1FFA               	dw	8186

Data Sizes:
    Strings     12
    Constant    0
    Data        0
    BSS         16
    Persistent  0
    Stack       0

Auto Spaces:
    Space          Size  Autos    Used
    COMMON           14      5       9
    BANK0            80      8      20
    BANK1            80      0       0
    BANK3            96      0       0
    BANK2            96      0       0

Pointer List with Targets:

    lcd_string@str	PTR unsigned char  size(1) Largest target is 12
		 -> STR_1(CODE[12]), 


Critical Paths under _main in COMMON

    None.

Critical Paths under _pot_val in COMMON

    None.

Critical Paths under _main in BANK0

    _main->_lcd_string
    _lcd_string->_lcd_data
    _lcd_initialization->_lcd_cmd

Critical Paths under _pot_val in BANK0

    None.

Critical Paths under _main in BANK1

    None.

Critical Paths under _pot_val in BANK1

    None.

Critical Paths under _main in BANK3

    None.

Critical Paths under _pot_val in BANK3

    None.

Critical Paths under _main in BANK2

    None.

Critical Paths under _pot_val in BANK2

    None.

Call Graph Tables:

 ---------------------------------------------------------------------------------
 (Depth) Function   	        Calls       Base Space   Used Autos Params    Refs
 ---------------------------------------------------------------------------------
 (0) _main                                                 0     0      0     833
                            ___lwdiv
                            ___lwmod
                            _lcd_cmd
                           _lcd_data
                 _lcd_initialization
                         _lcd_string
 ---------------------------------------------------------------------------------
 (1) _lcd_string                                           5     2      3     183
                                              3 BANK0      5     2      3
                           _lcd_data
 ---------------------------------------------------------------------------------
 (2) _lcd_data                                             3     3      0      47
                                              0 BANK0      3     3      0
 ---------------------------------------------------------------------------------
 (1) _lcd_initialization                                   0     0      0      47
                            _lcd_cmd
 ---------------------------------------------------------------------------------
 (2) _lcd_cmd                                              3     3      0      47
                                              0 BANK0      3     3      0
 ---------------------------------------------------------------------------------
 (1) ___lwmod                                              5     1      4     250
                                              0 BANK0      5     1      4
 ---------------------------------------------------------------------------------
 (1) ___lwdiv                                              7     3      4     259
                                              0 BANK0      7     3      4
 ---------------------------------------------------------------------------------
 Estimated maximum stack depth 2
 ---------------------------------------------------------------------------------
 (Depth) Function   	        Calls       Base Space   Used Autos Params    Refs
 ---------------------------------------------------------------------------------
 (3) _pot_val                                              5     5      0       0
                                              0 COMMON     5     5      0
 ---------------------------------------------------------------------------------
 Estimated maximum stack depth 3
 ---------------------------------------------------------------------------------

 Call Graph Graphs:

 _main (ROOT)
   ___lwdiv
   ___lwmod
   _lcd_cmd
   _lcd_data
   _lcd_initialization
     _lcd_cmd
   _lcd_string
     _lcd_data

 _pot_val (ROOT)

Address spaces:
Name               Size   Autos  Total    Usage
BITCOMMON           14      0       0      0.0%
BITBANK0            80      0       0      0.0%
BITBANK1            80      0       0      0.0%
BITBANK3            96      0       0      0.0%
BITBANK2            96      0       0      0.0%
COMMON              14      5       9     64.3%
BANK0               80      8      20     25.0%
BANK1               80      0       0      0.0%
BANK3               96      0       0      0.0%
BANK2               96      0       0      0.0%
STACK                0      0       0      0.0%
DATA                 0      0      30      0.0%


Microchip Technology PIC Macro Assembler V2.50 build 20240725155939 
Symbol Table                                                                                   Fri Dec 06 19:12:46 2024

                         _a 0075                           _b 0028                           _c 0026  
                         _d 0024                           _e 0022                           _f 0020  
                         pc 0002                lcd_data@data 002E                          l43 01EE  
                        l52 01BE                          l46 0205                          l55 01D7  
                        fsr 0004                         l427 0136                         l437 0170  
                       l901 01DB                         l911 01F2                         l903 01DD  
                       l913 01F4                         l905 01DE                         l921 019A  
                       l931 00F3                         l915 01F5                         l907 01DF  
                       l923 019F                         l941 0109                         l933 00F7  
                       l917 01F6                         l909 01EB                         l925 01AC  
                       l951 012C                         l943 010D                         l935 00FD  
                       l919 0202                         l927 01B4                         l945 011E  
                       l937 0100                         l953 0132                         l961 0142  
                       l929 01BF                         l947 0124                         l939 0107  
                       l971 015F                         l963 0149                         l949 0125  
                       l973 0166                         l965 014B                         l957 0137  
                       l981 002C                         l967 014F                         l959 013F  
                       l975 016C                         l991 004A                         l983 002E  
                       l969 0159                         l993 004E                         l985 0033  
                       l995 0053                         l987 0039                         l979 0027  
                       l997 0059                         l989 0046                         l999 006E  
                       u300 01BE                         u301 01BD                         u310 00FD  
                       u311 00FC                         u400 014F                         u401 014E  
                       u305 01BA                         u330 010D                         u410 0159  
                       u331 010C                         u411 0158                         u325 0101  
                       u350 011E                         u430 016C                         u351 011D  
                       u431 016B                         u415 0155                         u345 010E  
                       u425 0160                         u370 0132                         u371 0131  
                       u355 011A                         u380 013F                         u365 0126  
                       u381 013E                         u447 01E6                         u457 01FD  
                       u395 0143                         _adc 0077                         fsr0 0004  
                      l1001 0081                        l1011 00D4                        l1003 0094  
                      l1013 00DD                        l1005 00A7                        l1015 00E6  
                      l1007 00BA                        l1009 00CD                        STR_1 020C  
                      i1l61 0191                        _main 0027                        _temp 002A  
                      btemp 007E                        start 000E                 lcd_string@i 0032  
               lcd_string@n 0030                       ?_main 0070             __end_of___lwdiv 0137  
           __end_of___lwmod 0171                       i1l741 0177                       i1l743 0181  
                     i1l745 018E                       i1l739 0171                       u15_20 0177  
                     u15_21 0176                       _PORTC 0007                       _TRISB 0086  
                     _TRISC 0087             __end_of_lcd_cmd 0206                       pclath 000A  
           __end_of_pot_val 019A                       status 0003                       wtemp0 007E  
           __initialization 0011                __end_of_main 00F3                      ??_main 0075  
                    _ADCON0 001F                      _ADCON1 009F                      _ADRESH 001E  
                    _ADRESL 009E            __end_of_lcd_data 01EF                   ??___lwdiv 0075  
                 ??___lwmod 0075                   ??_lcd_cmd 002C                      saved_w 007E  
                 ??_pot_val 0070               lcd_string@str 002F     __end_of__initialization 0023  
            __pcstackCOMMON 0070                  __pbssBANK0 0020                  __pmaintext 0027  
                __pintentry 0004                   ?_lcd_data 0070                  _lcd_string 019A  
                __stringtab 0206                     ___lwdiv 00F3                     ___lwmod 0137  
                   __ptext1 019A                     __ptext2 01D8                     __ptext3 01BF  
                   __ptext4 01EF                     __ptext5 0137                     __ptext6 00F3  
                   __ptext7 0171                     _lcd_cmd 01EF                     _pot_val 0171  
                ??_lcd_data 002C        end_of_initialization 0023                   _PORTBbits 0006  
__end_of_lcd_initialization 01D8                  lcd_cmd@cmd 002E                 ?_lcd_string 002F  
       start_initialization 0011                 __pbssCOMMON 0075                   ___latbits 0002  
             __pcstackBANK0 002C            ___lwdiv@dividend 002E                    ?___lwdiv 002C  
                  ?___lwmod 002C                   __pstrings 0206                    ?_lcd_cmd 0070  
                  ?_pot_val 0070            ___lwdiv@quotient 0031           interrupt_function 0004  
                  _PIE1bits 008C                    _PIR1bits 000C                 __stringbase 020B  
              ??_lcd_string 0075          _lcd_initialization 01BF         ?_lcd_initialization 0070  
        __end_of_lcd_string 01BF          __end_of__stringtab 020C        ??_lcd_initialization 0075  
           ___lwdiv@divisor 002C             ___lwdiv@counter 0030                    _lcd_data 01D8  
                _INTCONbits 000B                    intlevel1 0000            ___lwmod@dividend 002E  
                 stringcode 0206             ___lwmod@divisor 002C             ___lwmod@counter 0030  
                  stringdir 0206                    stringtab 0206  
